[ INFO ]  

New Log.Below log items are create at: Wed Mar 01 09:26:36 CST 2017
[ INFO ]  
starting cal...
[ INFO ]  Checked the result reflection table:./Ref.xlsx
[ INFO ]  Reflection table:read  14 items from ref excel table
[ INFO ]  Below are the value configured in this run:
	basic_Header_Row=1,  basic_Footer_Row=0
	basic_AircraftData_Header_Row=1,  basic_AircraftData_Footer_Row=0
	delay_Header_Row=1,delay_Footer_Row=2,   delay_Hour_Offset=8,  delay_Minute_Offset=15
	cancel_Header_Row=1,cancel_Footer_Row=1,  cancel_Hour_Offset=8,  cancel_Minute_Offset=15
	swap_Header_Row=2,  swap_Footer_Row=0,  swap_Hour_Offset=8,  swap_Minute_Offset=15

[ INFO ]  Init the Airport code format map data
[ INFO ]  Airport code format file:read 4052 row airport map data to program
[ INFO ]  Checked the Basic table data:./data/BasicData.xlsx
[ INFO ]  Init the aircraft map data7_Aircraft_Data
[ WARN ]  Aircraft sheet in basicdata table has an empty row:147
[ WARN ]  Aircraft sheet in basicdata table has an empty row:148
[ WARN ]  Aircraft sheet in basicdata table has an empty row:149
[ WARN ]  Aircraft sheet in basicdata table has an empty row:150
[ WARN ]  Aircraft sheet in basicdata table has an empty row:151
[ WARN ]  Aircraft sheet in basicdata table has an empty row:152
[ WARN ]  Aircraft sheet in basicdata table has an empty row:153
[ WARN ]  Aircraft sheet in basicdata table has an empty row:154
[ WARN ]  Aircraft sheet in basicdata table has an empty row:155
[ WARN ]  Aircraft sheet in basicdata table has an empty row:156
[ WARN ]  Aircraft sheet in basicdata table has an empty row:157
[ WARN ]  Aircraft sheet in basicdata table has an empty row:158
[ WARN ]  Aircraft sheet in basicdata table has an empty row:159
[ WARN ]  Aircraft sheet in basicdata table has an empty row:160
[ WARN ]  Aircraft sheet in basicdata table has an empty row:161
[ WARN ]  Aircraft sheet in basicdata table has an empty row:162
[ WARN ]  Aircraft sheet in basicdata table has an empty row:163
[ WARN ]  Aircraft sheet in basicdata table has an empty row:164
[ WARN ]  Aircraft sheet in basicdata table has an empty row:165
[ WARN ]  Aircraft sheet in basicdata table has an empty row:166
[ WARN ]  Aircraft sheet in basicdata table has an empty row:167
[ WARN ]  Aircraft sheet in basicdata table has an empty row:168
[ WARN ]  Aircraft sheet in basicdata table has an empty row:169
[ WARN ]  Aircraft sheet in basicdata table has an empty row:170
[ WARN ]  Aircraft sheet in basicdata table has an empty row:171
[ WARN ]  Aircraft sheet in basicdata table has an empty row:172
[ WARN ]  Aircraft sheet in basicdata table has an empty row:173
[ WARN ]  Aircraft sheet in basicdata table has an empty row:174
[ WARN ]  Aircraft sheet in basicdata table has an empty row:175
[ WARN ]  Aircraft sheet in basicdata table has an empty row:176
[ WARN ]  Aircraft sheet in basicdata table has an empty row:177
[ WARN ]  Aircraft sheet in basicdata table has an empty row:178
[ WARN ]  Aircraft sheet in basicdata table has an empty row:179
[ WARN ]  Aircraft sheet in basicdata table has an empty row:180
[ WARN ]  Aircraft sheet in basicdata table has an empty row:181
[ WARN ]  Aircraft sheet in basicdata table has an empty row:182
[ WARN ]  Aircraft sheet in basicdata table has an empty row:183
[ WARN ]  Aircraft sheet in basicdata table has an empty row:184
[ WARN ]  Aircraft sheet in basicdata table has an empty row:185
[ WARN ]  Aircraft sheet in basicdata table has an empty row:186
[ WARN ]  Aircraft sheet in basicdata table has an empty row:187
[ WARN ]  Aircraft sheet in basicdata table has an empty row:188
[ WARN ]  Aircraft sheet in basicdata table has an empty row:189
[ WARN ]  Aircraft sheet in basicdata table has an empty row:190
[ WARN ]  Aircraft sheet in basicdata table has an empty row:191
[ WARN ]  Aircraft sheet in basicdata table has an empty row:192
[ WARN ]  Aircraft sheet in basicdata table has an empty row:193
[ WARN ]  Aircraft sheet in basicdata table has an empty row:194
[ WARN ]  Aircraft sheet in basicdata table has an empty row:195
[ WARN ]  Aircraft sheet in basicdata table has an empty row:196
[ WARN ]  Aircraft sheet in basicdata table has an empty row:197
[ WARN ]  Aircraft sheet in basicdata table has an empty row:198
[ WARN ]  Aircraft sheet in basicdata table has an empty row:199
[ WARN ]  Aircraft sheet in basicdata table has an empty row:200
[ WARN ]  Aircraft sheet in basicdata table has an empty row:201
[ WARN ]  Aircraft sheet in basicdata table has an empty row:202
[ WARN ]  Aircraft sheet in basicdata table has an empty row:203
[ WARN ]  Aircraft sheet in basicdata table has an empty row:204
[ WARN ]  Aircraft sheet in basicdata table has an empty row:205
[ WARN ]  Aircraft sheet in basicdata table has an empty row:206
[ WARN ]  Aircraft sheet in basicdata table has an empty row:207
[ WARN ]  Aircraft sheet in basicdata table has an empty row:208
[ WARN ]  Aircraft sheet in basicdata table has an empty row:209
[ WARN ]  Aircraft sheet in basicdata table has an empty row:210
[ WARN ]  Aircraft sheet in basicdata table has an empty row:211
[ WARN ]  Aircraft sheet in basicdata table has an empty row:212
[ WARN ]  Aircraft sheet in basicdata table has an empty row:213
[ WARN ]  Aircraft sheet in basicdata table has an empty row:214
[ WARN ]  Aircraft sheet in basicdata table has an empty row:215
[ WARN ]  Aircraft sheet in basicdata table has an empty row:216
[ WARN ]  Aircraft sheet in basicdata table has an empty row:217
[ WARN ]  Aircraft sheet in basicdata table has an empty row:218
[ WARN ]  Aircraft sheet in basicdata table has an empty row:219
[ WARN ]  Aircraft sheet in basicdata table has an empty row:220
[ WARN ]  Aircraft sheet in basicdata table has an empty row:221
[ WARN ]  Aircraft sheet in basicdata table has an empty row:222
[ WARN ]  Aircraft sheet in basicdata table has an empty row:223
[ WARN ]  Aircraft sheet in basicdata table has an empty row:224
[ WARN ]  Aircraft sheet in basicdata table has an empty row:225
[ WARN ]  Aircraft sheet in basicdata table has an empty row:226
[ WARN ]  Aircraft sheet in basicdata table has an empty row:227
[ WARN ]  Aircraft sheet in basicdata table has an empty row:228
[ WARN ]  Aircraft sheet in basicdata table has an empty row:229
[ WARN ]  Aircraft sheet in basicdata table has an empty row:230
[ WARN ]  Aircraft sheet in basicdata table has an empty row:231
[ WARN ]  Aircraft sheet in basicdata table has an empty row:232
[ WARN ]  Aircraft sheet in basicdata table has an empty row:233
[ WARN ]  Aircraft sheet in basicdata table has an empty row:234
[ WARN ]  Aircraft sheet in basicdata table has an empty row:235
[ WARN ]  Aircraft sheet in basicdata table has an empty row:236
[ WARN ]  Aircraft sheet in basicdata table has an empty row:237
[ WARN ]  Aircraft sheet in basicdata table has an empty row:238
[ WARN ]  Aircraft sheet in basicdata table has an empty row:239
[ WARN ]  Aircraft sheet in basicdata table has an empty row:240
[ WARN ]  Aircraft sheet in basicdata table has an empty row:241
[ WARN ]  Aircraft sheet in basicdata table has an empty row:242
[ WARN ]  Aircraft sheet in basicdata table has an empty row:243
[ WARN ]  Aircraft sheet in basicdata table has an empty row:244
[ WARN ]  Aircraft sheet in basicdata table has an empty row:245
[ WARN ]  Aircraft sheet in basicdata table has an empty row:246
[ WARN ]  Aircraft sheet in basicdata table has an empty row:247
[ WARN ]  Aircraft sheet in basicdata table has an empty row:248
[ WARN ]  Aircraft sheet in basicdata table has an empty row:249
[ WARN ]  Aircraft sheet in basicdata table has an empty row:250
[ WARN ]  Aircraft sheet in basicdata table has an empty row:251
[ WARN ]  Aircraft sheet in basicdata table has an empty row:252
[ WARN ]  Aircraft sheet in basicdata table has an empty row:253
[ WARN ]  Aircraft sheet in basicdata table has an empty row:254
[ WARN ]  Aircraft sheet in basicdata table has an empty row:255
[ WARN ]  Aircraft sheet in basicdata table has an empty row:256
[ WARN ]  Aircraft sheet in basicdata table has an empty row:257
[ WARN ]  Aircraft sheet in basicdata table has an empty row:258
[ WARN ]  Aircraft sheet in basicdata table has an empty row:259
[ WARN ]  Aircraft sheet in basicdata table has an empty row:260
[ WARN ]  Aircraft sheet in basicdata table has an empty row:261
[ WARN ]  Aircraft sheet in basicdata table has an empty row:262
[ WARN ]  Aircraft sheet in basicdata table has an empty row:263
[ WARN ]  Aircraft sheet in basicdata table has an empty row:264
[ WARN ]  Aircraft sheet in basicdata table has an empty row:265
[ WARN ]  Aircraft sheet in basicdata table has an empty row:266
[ WARN ]  Aircraft sheet in basicdata table has an empty row:267
[ WARN ]  Aircraft sheet in basicdata table has an empty row:268
[ WARN ]  Aircraft sheet in basicdata table has an empty row:269
[ WARN ]  Aircraft sheet in basicdata table has an empty row:270
[ WARN ]  Aircraft sheet in basicdata table has an empty row:271
[ WARN ]  Aircraft sheet in basicdata table has an empty row:272
[ WARN ]  Aircraft sheet in basicdata table has an empty row:273
[ WARN ]  Aircraft sheet in basicdata table has an empty row:274
[ WARN ]  Aircraft sheet in basicdata table has an empty row:275
[ WARN ]  Aircraft sheet in basicdata table has an empty row:276
[ WARN ]  Aircraft sheet in basicdata table has an empty row:277
[ WARN ]  Aircraft sheet in basicdata table has an empty row:278
[ WARN ]  Aircraft sheet in basicdata table has an empty row:279
[ WARN ]  Aircraft sheet in basicdata table has an empty row:280
[ WARN ]  Aircraft sheet in basicdata table has an empty row:281
[ WARN ]  Aircraft sheet in basicdata table has an empty row:282
[ WARN ]  Aircraft sheet in basicdata table has an empty row:283
[ WARN ]  Aircraft sheet in basicdata table has an empty row:284
[ WARN ]  Aircraft sheet in basicdata table has an empty row:285
[ WARN ]  Aircraft sheet in basicdata table has an empty row:286
[ WARN ]  Aircraft sheet in basicdata table has an empty row:287
[ WARN ]  Aircraft sheet in basicdata table has an empty row:288
[ WARN ]  Aircraft sheet in basicdata table has an empty row:289
[ WARN ]  Aircraft sheet in basicdata table has an empty row:290
[ WARN ]  Aircraft sheet in basicdata table has an empty row:291
[ WARN ]  Aircraft sheet in basicdata table has an empty row:292
[ WARN ]  Aircraft sheet in basicdata table has an empty row:293
[ WARN ]  Aircraft sheet in basicdata table has an empty row:294
[ WARN ]  Aircraft sheet in basicdata table has an empty row:295
[ WARN ]  Aircraft sheet in basicdata table has an empty row:296
[ WARN ]  Aircraft sheet in basicdata table has an empty row:297
[ WARN ]  Aircraft sheet in basicdata table has an empty row:298
[ WARN ]  Aircraft sheet in basicdata table has an empty row:299
[ WARN ]  Aircraft sheet in basicdata table has an empty row:300
[ WARN ]  Aircraft sheet in basicdata table has an empty row:301
[ WARN ]  Aircraft sheet in basicdata table has an empty row:302
[ WARN ]  Aircraft sheet in basicdata table has an empty row:303
[ WARN ]  Aircraft sheet in basicdata table has an empty row:304
[ WARN ]  Aircraft sheet in basicdata table has an empty row:305
[ WARN ]  Aircraft sheet in basicdata table has an empty row:306
[ WARN ]  Aircraft sheet in basicdata table has an empty row:307
[ WARN ]  Aircraft sheet in basicdata table has an empty row:308
[ WARN ]  Aircraft sheet in basicdata table has an empty row:309
[ WARN ]  Aircraft sheet in basicdata table has an empty row:310
[ WARN ]  Aircraft sheet in basicdata table has an empty row:311
[ WARN ]  Aircraft sheet in basicdata table has an empty row:312
[ WARN ]  Aircraft sheet in basicdata table has an empty row:313
[ WARN ]  Aircraft sheet in basicdata table has an empty row:314
[ WARN ]  Aircraft sheet in basicdata table has an empty row:315
[ WARN ]  Aircraft sheet in basicdata table has an empty row:316
[ WARN ]  Aircraft sheet in basicdata table has an empty row:317
[ WARN ]  Aircraft sheet in basicdata table has an empty row:318
[ WARN ]  Aircraft sheet in basicdata table has an empty row:319
[ WARN ]  Aircraft sheet in basicdata table has an empty row:320
[ WARN ]  Aircraft sheet in basicdata table has an empty row:321
[ WARN ]  Aircraft sheet in basicdata table has an empty row:322
[ WARN ]  Aircraft sheet in basicdata table has an empty row:323
[ WARN ]  Aircraft sheet in basicdata table has an empty row:324
[ WARN ]  Aircraft sheet in basicdata table has an empty row:325
[ WARN ]  Aircraft sheet in basicdata table has an empty row:326
[ WARN ]  Aircraft sheet in basicdata table has an empty row:327
[ WARN ]  Aircraft sheet in basicdata table has an empty row:328
[ WARN ]  Aircraft sheet in basicdata table has an empty row:329
[ WARN ]  Aircraft sheet in basicdata table has an empty row:330
[ WARN ]  Aircraft sheet in basicdata table has an empty row:331
[ WARN ]  Aircraft sheet in basicdata table has an empty row:332
[ WARN ]  Aircraft sheet in basicdata table has an empty row:333
[ WARN ]  Aircraft sheet in basicdata table has an empty row:334
[ WARN ]  Aircraft sheet in basicdata table has an empty row:335
[ WARN ]  Aircraft sheet in basicdata table has an empty row:336
[ WARN ]  Aircraft sheet in basicdata table has an empty row:337
[ WARN ]  Aircraft sheet in basicdata table has an empty row:338
[ WARN ]  Aircraft sheet in basicdata table has an empty row:339
[ WARN ]  Aircraft sheet in basicdata table has an empty row:340
[ WARN ]  Aircraft sheet in basicdata table has an empty row:341
[ WARN ]  Aircraft sheet in basicdata table has an empty row:342
[ WARN ]  Aircraft sheet in basicdata table has an empty row:343
[ WARN ]  Aircraft sheet in basicdata table has an empty row:344
[ WARN ]  Aircraft sheet in basicdata table has an empty row:345
[ WARN ]  Aircraft sheet in basicdata table has an empty row:346
[ WARN ]  Aircraft sheet in basicdata table has an empty row:347
[ WARN ]  Aircraft sheet in basicdata table has an empty row:348
[ WARN ]  Aircraft sheet in basicdata table has an empty row:349
[ WARN ]  Aircraft sheet in basicdata table has an empty row:350
[ WARN ]  Aircraft sheet in basicdata table has an empty row:351
[ WARN ]  Aircraft sheet in basicdata table has an empty row:352
[ WARN ]  Aircraft sheet in basicdata table has an empty row:353
[ WARN ]  Aircraft sheet in basicdata table has an empty row:354
[ WARN ]  Aircraft sheet in basicdata table has an empty row:355
[ WARN ]  Aircraft sheet in basicdata table has an empty row:356
[ WARN ]  Aircraft sheet in basicdata table has an empty row:357
[ WARN ]  Aircraft sheet in basicdata table has an empty row:358
[ WARN ]  Aircraft sheet in basicdata table has an empty row:359
[ WARN ]  Aircraft sheet in basicdata table has an empty row:360
[ WARN ]  Aircraft sheet in basicdata table has an empty row:361
[ WARN ]  Aircraft sheet in basicdata table has an empty row:362
[ WARN ]  Aircraft sheet in basicdata table has an empty row:363
[ WARN ]  Aircraft sheet in basicdata table has an empty row:364
[ WARN ]  Aircraft sheet in basicdata table has an empty row:365
[ WARN ]  Aircraft sheet in basicdata table has an empty row:366
[ WARN ]  Aircraft sheet in basicdata table has an empty row:367
[ WARN ]  Aircraft sheet in basicdata table has an empty row:368
[ WARN ]  Aircraft sheet in basicdata table has an empty row:369
[ WARN ]  Aircraft sheet in basicdata table has an empty row:370
[ WARN ]  Aircraft sheet in basicdata table has an empty row:371
[ WARN ]  Aircraft sheet in basicdata table has an empty row:372
[ WARN ]  Aircraft sheet in basicdata table has an empty row:373
[ WARN ]  Aircraft sheet in basicdata table has an empty row:374
[ WARN ]  Aircraft sheet in basicdata table has an empty row:375
[ WARN ]  Aircraft sheet in basicdata table has an empty row:376
[ WARN ]  Aircraft sheet in basicdata table has an empty row:377
[ WARN ]  Aircraft sheet in basicdata table has an empty row:378
[ WARN ]  Aircraft sheet in basicdata table has an empty row:379
[ WARN ]  Aircraft sheet in basicdata table has an empty row:380
[ WARN ]  Aircraft sheet in basicdata table has an empty row:381
[ WARN ]  Aircraft sheet in basicdata table has an empty row:382
[ WARN ]  Aircraft sheet in basicdata table has an empty row:383
[ WARN ]  Aircraft sheet in basicdata table has an empty row:384
[ WARN ]  Aircraft sheet in basicdata table has an empty row:385
[ WARN ]  Aircraft sheet in basicdata table has an empty row:386
[ WARN ]  Aircraft sheet in basicdata table has an empty row:387
[ WARN ]  Aircraft sheet in basicdata table has an empty row:388
[ WARN ]  Aircraft sheet in basicdata table has an empty row:389
[ WARN ]  Aircraft sheet in basicdata table has an empty row:390
[ WARN ]  Aircraft sheet in basicdata table has an empty row:391
[ WARN ]  Aircraft sheet in basicdata table has an empty row:392
[ WARN ]  Aircraft sheet in basicdata table has an empty row:393
[ WARN ]  Aircraft sheet in basicdata table has an empty row:394
[ WARN ]  Aircraft sheet in basicdata table has an empty row:395
[ WARN ]  Aircraft sheet in basicdata table has an empty row:396
[ WARN ]  Aircraft sheet in basicdata table has an empty row:397
[ WARN ]  Aircraft sheet in basicdata table has an empty row:398
[ WARN ]  Aircraft sheet in basicdata table has an empty row:399
[ WARN ]  Aircraft sheet in basicdata table has an empty row:400
[ WARN ]  Aircraft sheet in basicdata table has an empty row:401
[ WARN ]  Aircraft sheet in basicdata table has an empty row:402
[ WARN ]  Aircraft sheet in basicdata table has an empty row:403
[ WARN ]  Aircraft sheet in basicdata table has an empty row:404
[ WARN ]  Aircraft sheet in basicdata table has an empty row:405
[ WARN ]  Aircraft sheet in basicdata table has an empty row:406
[ WARN ]  Aircraft sheet in basicdata table has an empty row:407
[ WARN ]  Aircraft sheet in basicdata table has an empty row:408
[ WARN ]  Aircraft sheet in basicdata table has an empty row:409
[ WARN ]  Aircraft sheet in basicdata table has an empty row:410
[ WARN ]  Aircraft sheet in basicdata table has an empty row:411
[ WARN ]  Aircraft sheet in basicdata table has an empty row:412
[ WARN ]  Aircraft sheet in basicdata table has an empty row:413
[ WARN ]  Aircraft sheet in basicdata table has an empty row:414
[ WARN ]  Aircraft sheet in basicdata table has an empty row:415
[ WARN ]  Aircraft sheet in basicdata table has an empty row:416
[ WARN ]  Aircraft sheet in basicdata table has an empty row:417
[ WARN ]  Aircraft sheet in basicdata table has an empty row:418
[ WARN ]  Aircraft sheet in basicdata table has an empty row:419
[ WARN ]  Aircraft sheet in basicdata table has an empty row:420
[ WARN ]  Aircraft sheet in basicdata table has an empty row:421
[ WARN ]  Aircraft sheet in basicdata table has an empty row:422
[ WARN ]  Aircraft sheet in basicdata table has an empty row:423
[ WARN ]  Aircraft sheet in basicdata table has an empty row:424
[ WARN ]  Aircraft sheet in basicdata table has an empty row:425
[ WARN ]  Aircraft sheet in basicdata table has an empty row:426
[ WARN ]  Aircraft sheet in basicdata table has an empty row:427
[ WARN ]  Aircraft sheet in basicdata table has an empty row:428
[ WARN ]  Aircraft sheet in basicdata table has an empty row:429
[ WARN ]  Aircraft sheet in basicdata table has an empty row:430
[ WARN ]  Aircraft sheet in basicdata table has an empty row:431
[ WARN ]  Aircraft sheet in basicdata table has an empty row:432
[ WARN ]  Aircraft sheet in basicdata table has an empty row:433
[ WARN ]  Aircraft sheet in basicdata table has an empty row:434
[ WARN ]  Aircraft sheet in basicdata table has an empty row:435
[ WARN ]  Aircraft sheet in basicdata table has an empty row:436
[ WARN ]  Aircraft sheet in basicdata table has an empty row:437
[ WARN ]  Aircraft sheet in basicdata table has an empty row:438
[ WARN ]  Aircraft sheet in basicdata table has an empty row:439
[ WARN ]  Aircraft sheet in basicdata table has an empty row:440
[ WARN ]  Aircraft sheet in basicdata table has an empty row:441
[ WARN ]  Aircraft sheet in basicdata table has an empty row:442
[ WARN ]  Aircraft sheet in basicdata table has an empty row:443
[ WARN ]  Aircraft sheet in basicdata table has an empty row:444
[ WARN ]  Aircraft sheet in basicdata table has an empty row:445
[ WARN ]  Aircraft sheet in basicdata table has an empty row:446
[ WARN ]  Aircraft sheet in basicdata table has an empty row:447
[ WARN ]  Aircraft sheet in basicdata table has an empty row:448
[ WARN ]  Aircraft sheet in basicdata table has an empty row:449
[ WARN ]  Aircraft sheet in basicdata table has an empty row:450
[ WARN ]  Aircraft sheet in basicdata table has an empty row:451
[ WARN ]  Aircraft sheet in basicdata table has an empty row:452
[ WARN ]  Aircraft sheet in basicdata table has an empty row:453
[ WARN ]  Aircraft sheet in basicdata table has an empty row:454
[ WARN ]  Aircraft sheet in basicdata table has an empty row:455
[ WARN ]  Aircraft sheet in basicdata table has an empty row:456
[ WARN ]  Aircraft sheet in basicdata table has an empty row:457
[ WARN ]  Aircraft sheet in basicdata table has an empty row:458
[ WARN ]  Aircraft sheet in basicdata table has an empty row:459
[ WARN ]  Aircraft sheet in basicdata table has an empty row:460
[ WARN ]  Aircraft sheet in basicdata table has an empty row:461
[ WARN ]  Aircraft sheet in basicdata table has an empty row:462
[ WARN ]  Aircraft sheet in basicdata table has an empty row:463
[ WARN ]  Aircraft sheet in basicdata table has an empty row:464
[ WARN ]  Aircraft sheet in basicdata table has an empty row:465
[ WARN ]  Aircraft sheet in basicdata table has an empty row:466
[ WARN ]  Aircraft sheet in basicdata table has an empty row:467
[ WARN ]  Aircraft sheet in basicdata table has an empty row:468
[ WARN ]  Aircraft sheet in basicdata table has an empty row:469
[ WARN ]  Aircraft sheet in basicdata table has an empty row:470
[ WARN ]  Aircraft sheet in basicdata table has an empty row:471
[ WARN ]  Aircraft sheet in basicdata table has an empty row:472
[ WARN ]  Aircraft sheet in basicdata table has an empty row:473
[ WARN ]  Aircraft sheet in basicdata table has an empty row:474
[ WARN ]  Aircraft sheet in basicdata table has an empty row:475
[ WARN ]  Aircraft sheet in basicdata table has an empty row:476
[ WARN ]  Aircraft sheet in basicdata table has an empty row:477
[ WARN ]  Aircraft sheet in basicdata table has an empty row:478
[ WARN ]  Aircraft sheet in basicdata table has an empty row:479
[ WARN ]  Aircraft sheet in basicdata table has an empty row:480
[ WARN ]  Aircraft sheet in basicdata table has an empty row:481
[ WARN ]  Aircraft sheet in basicdata table has an empty row:482
[ WARN ]  Aircraft sheet in basicdata table has an empty row:483
[ WARN ]  Aircraft sheet in basicdata table has an empty row:484
[ WARN ]  Aircraft sheet in basicdata table has an empty row:485
[ WARN ]  Aircraft sheet in basicdata table has an empty row:486
[ WARN ]  Aircraft sheet in basicdata table has an empty row:487
[ WARN ]  Aircraft sheet in basicdata table has an empty row:488
[ WARN ]  Aircraft sheet in basicdata table has an empty row:489
[ WARN ]  Aircraft sheet in basicdata table has an empty row:490
[ WARN ]  Aircraft sheet in basicdata table has an empty row:491
[ WARN ]  Aircraft sheet in basicdata table has an empty row:492
[ WARN ]  Aircraft sheet in basicdata table has an empty row:493
[ WARN ]  Aircraft sheet in basicdata table has an empty row:494
[ WARN ]  Aircraft sheet in basicdata table has an empty row:495
[ WARN ]  Aircraft sheet in basicdata table has an empty row:496
[ WARN ]  Aircraft sheet in basicdata table has an empty row:497
[ WARN ]  Aircraft sheet in basicdata table has an empty row:498
[ WARN ]  Aircraft sheet in basicdata table has an empty row:499
[ WARN ]  Aircraft sheet in basicdata table has an empty row:500
[ WARN ]  Aircraft sheet in basicdata table has an empty row:501
[ WARN ]  Aircraft sheet in basicdata table has an empty row:502
[ WARN ]  Aircraft sheet in basicdata table has an empty row:503
[ INFO ]  Handled Basic table:2182 row have been writed!
[ INFO ]  Handel abnormal excel file  .....
[ INFO ]  Delay table:Handle 141 row in the Delay table
[ INFO ]  Cancel table:Handle 318 row in the cancel table
[ INFO ]  Swap table(swaps within subfleets):Handle 550 row in the swap table
[ INFO ]  Swap table(swaps between subfleets):Handle 309 row in the swap table
[ INFO ]  checked the result table:./Result.xlsx
[ INFO ]  Finished processing all input file,and refresh date to the result file:./Result.xlsx
[ INFO ]  

New Log.Below log items are create at: Wed Mar 01 16:00:31 CST 2017
[ INFO ]  
starting cal...
[ INFO ]  Checked the result reflection table:./Ref.xlsx
[ INFO ]  Reflection table:read  14 items from ref excel table
[ INFO ]  Below are the value configured in this run:
	basic_Header_Row=1,  basic_Footer_Row=0
	basic_AircraftData_Header_Row=1,  basic_AircraftData_Footer_Row=0
	delay_Header_Row=1,delay_Footer_Row=2,   delay_Hour_Offset=8,  delay_Minute_Offset=15
	cancel_Header_Row=1,cancel_Footer_Row=1,  cancel_Hour_Offset=8,  cancel_Minute_Offset=15
	swap_Header_Row=2,  swap_Footer_Row=0,  swap_Hour_Offset=8,  swap_Minute_Offset=15

[ INFO ]  Init the Airport code format map data
[ INFO ]  Airport code format file:read 4052 row airport map data to program
[ INFO ]  Checked the Basic table data:./data/BasicData.xlsx
[ INFO ]  Init the aircraft map data7_Aircraft_Data
[ WARN ]  Aircraft sheet in basicdata table has an empty row:147
[ WARN ]  Aircraft sheet in basicdata table has an empty row:148
[ WARN ]  Aircraft sheet in basicdata table has an empty row:149
[ WARN ]  Aircraft sheet in basicdata table has an empty row:150
[ WARN ]  Aircraft sheet in basicdata table has an empty row:151
[ WARN ]  Aircraft sheet in basicdata table has an empty row:152
[ WARN ]  Aircraft sheet in basicdata table has an empty row:153
[ WARN ]  Aircraft sheet in basicdata table has an empty row:154
[ WARN ]  Aircraft sheet in basicdata table has an empty row:155
[ WARN ]  Aircraft sheet in basicdata table has an empty row:156
[ WARN ]  Aircraft sheet in basicdata table has an empty row:157
[ WARN ]  Aircraft sheet in basicdata table has an empty row:158
[ WARN ]  Aircraft sheet in basicdata table has an empty row:159
[ WARN ]  Aircraft sheet in basicdata table has an empty row:160
[ WARN ]  Aircraft sheet in basicdata table has an empty row:161
[ WARN ]  Aircraft sheet in basicdata table has an empty row:162
[ WARN ]  Aircraft sheet in basicdata table has an empty row:163
[ WARN ]  Aircraft sheet in basicdata table has an empty row:164
[ WARN ]  Aircraft sheet in basicdata table has an empty row:165
[ WARN ]  Aircraft sheet in basicdata table has an empty row:166
[ WARN ]  Aircraft sheet in basicdata table has an empty row:167
[ WARN ]  Aircraft sheet in basicdata table has an empty row:168
[ WARN ]  Aircraft sheet in basicdata table has an empty row:169
[ WARN ]  Aircraft sheet in basicdata table has an empty row:170
[ WARN ]  Aircraft sheet in basicdata table has an empty row:171
[ WARN ]  Aircraft sheet in basicdata table has an empty row:172
[ WARN ]  Aircraft sheet in basicdata table has an empty row:173
[ WARN ]  Aircraft sheet in basicdata table has an empty row:174
[ WARN ]  Aircraft sheet in basicdata table has an empty row:175
[ WARN ]  Aircraft sheet in basicdata table has an empty row:176
[ WARN ]  Aircraft sheet in basicdata table has an empty row:177
[ WARN ]  Aircraft sheet in basicdata table has an empty row:178
[ WARN ]  Aircraft sheet in basicdata table has an empty row:179
[ WARN ]  Aircraft sheet in basicdata table has an empty row:180
[ WARN ]  Aircraft sheet in basicdata table has an empty row:181
[ WARN ]  Aircraft sheet in basicdata table has an empty row:182
[ WARN ]  Aircraft sheet in basicdata table has an empty row:183
[ WARN ]  Aircraft sheet in basicdata table has an empty row:184
[ WARN ]  Aircraft sheet in basicdata table has an empty row:185
[ WARN ]  Aircraft sheet in basicdata table has an empty row:186
[ WARN ]  Aircraft sheet in basicdata table has an empty row:187
[ WARN ]  Aircraft sheet in basicdata table has an empty row:188
[ WARN ]  Aircraft sheet in basicdata table has an empty row:189
[ WARN ]  Aircraft sheet in basicdata table has an empty row:190
[ WARN ]  Aircraft sheet in basicdata table has an empty row:191
[ WARN ]  Aircraft sheet in basicdata table has an empty row:192
[ WARN ]  Aircraft sheet in basicdata table has an empty row:193
[ WARN ]  Aircraft sheet in basicdata table has an empty row:194
[ WARN ]  Aircraft sheet in basicdata table has an empty row:195
[ WARN ]  Aircraft sheet in basicdata table has an empty row:196
[ WARN ]  Aircraft sheet in basicdata table has an empty row:197
[ WARN ]  Aircraft sheet in basicdata table has an empty row:198
[ WARN ]  Aircraft sheet in basicdata table has an empty row:199
[ WARN ]  Aircraft sheet in basicdata table has an empty row:200
[ WARN ]  Aircraft sheet in basicdata table has an empty row:201
[ WARN ]  Aircraft sheet in basicdata table has an empty row:202
[ WARN ]  Aircraft sheet in basicdata table has an empty row:203
[ WARN ]  Aircraft sheet in basicdata table has an empty row:204
[ WARN ]  Aircraft sheet in basicdata table has an empty row:205
[ WARN ]  Aircraft sheet in basicdata table has an empty row:206
[ WARN ]  Aircraft sheet in basicdata table has an empty row:207
[ WARN ]  Aircraft sheet in basicdata table has an empty row:208
[ WARN ]  Aircraft sheet in basicdata table has an empty row:209
[ WARN ]  Aircraft sheet in basicdata table has an empty row:210
[ WARN ]  Aircraft sheet in basicdata table has an empty row:211
[ WARN ]  Aircraft sheet in basicdata table has an empty row:212
[ WARN ]  Aircraft sheet in basicdata table has an empty row:213
[ WARN ]  Aircraft sheet in basicdata table has an empty row:214
[ WARN ]  Aircraft sheet in basicdata table has an empty row:215
[ WARN ]  Aircraft sheet in basicdata table has an empty row:216
[ WARN ]  Aircraft sheet in basicdata table has an empty row:217
[ WARN ]  Aircraft sheet in basicdata table has an empty row:218
[ WARN ]  Aircraft sheet in basicdata table has an empty row:219
[ WARN ]  Aircraft sheet in basicdata table has an empty row:220
[ WARN ]  Aircraft sheet in basicdata table has an empty row:221
[ WARN ]  Aircraft sheet in basicdata table has an empty row:222
[ WARN ]  Aircraft sheet in basicdata table has an empty row:223
[ WARN ]  Aircraft sheet in basicdata table has an empty row:224
[ WARN ]  Aircraft sheet in basicdata table has an empty row:225
[ WARN ]  Aircraft sheet in basicdata table has an empty row:226
[ WARN ]  Aircraft sheet in basicdata table has an empty row:227
[ WARN ]  Aircraft sheet in basicdata table has an empty row:228
[ WARN ]  Aircraft sheet in basicdata table has an empty row:229
[ WARN ]  Aircraft sheet in basicdata table has an empty row:230
[ WARN ]  Aircraft sheet in basicdata table has an empty row:231
[ WARN ]  Aircraft sheet in basicdata table has an empty row:232
[ WARN ]  Aircraft sheet in basicdata table has an empty row:233
[ WARN ]  Aircraft sheet in basicdata table has an empty row:234
[ WARN ]  Aircraft sheet in basicdata table has an empty row:235
[ WARN ]  Aircraft sheet in basicdata table has an empty row:236
[ WARN ]  Aircraft sheet in basicdata table has an empty row:237
[ WARN ]  Aircraft sheet in basicdata table has an empty row:238
[ WARN ]  Aircraft sheet in basicdata table has an empty row:239
[ WARN ]  Aircraft sheet in basicdata table has an empty row:240
[ WARN ]  Aircraft sheet in basicdata table has an empty row:241
[ WARN ]  Aircraft sheet in basicdata table has an empty row:242
[ WARN ]  Aircraft sheet in basicdata table has an empty row:243
[ WARN ]  Aircraft sheet in basicdata table has an empty row:244
[ WARN ]  Aircraft sheet in basicdata table has an empty row:245
[ WARN ]  Aircraft sheet in basicdata table has an empty row:246
[ WARN ]  Aircraft sheet in basicdata table has an empty row:247
[ WARN ]  Aircraft sheet in basicdata table has an empty row:248
[ WARN ]  Aircraft sheet in basicdata table has an empty row:249
[ WARN ]  Aircraft sheet in basicdata table has an empty row:250
[ WARN ]  Aircraft sheet in basicdata table has an empty row:251
[ WARN ]  Aircraft sheet in basicdata table has an empty row:252
[ WARN ]  Aircraft sheet in basicdata table has an empty row:253
[ WARN ]  Aircraft sheet in basicdata table has an empty row:254
[ WARN ]  Aircraft sheet in basicdata table has an empty row:255
[ WARN ]  Aircraft sheet in basicdata table has an empty row:256
[ WARN ]  Aircraft sheet in basicdata table has an empty row:257
[ WARN ]  Aircraft sheet in basicdata table has an empty row:258
[ WARN ]  Aircraft sheet in basicdata table has an empty row:259
[ WARN ]  Aircraft sheet in basicdata table has an empty row:260
[ WARN ]  Aircraft sheet in basicdata table has an empty row:261
[ WARN ]  Aircraft sheet in basicdata table has an empty row:262
[ WARN ]  Aircraft sheet in basicdata table has an empty row:263
[ WARN ]  Aircraft sheet in basicdata table has an empty row:264
[ WARN ]  Aircraft sheet in basicdata table has an empty row:265
[ WARN ]  Aircraft sheet in basicdata table has an empty row:266
[ WARN ]  Aircraft sheet in basicdata table has an empty row:267
[ WARN ]  Aircraft sheet in basicdata table has an empty row:268
[ WARN ]  Aircraft sheet in basicdata table has an empty row:269
[ WARN ]  Aircraft sheet in basicdata table has an empty row:270
[ WARN ]  Aircraft sheet in basicdata table has an empty row:271
[ WARN ]  Aircraft sheet in basicdata table has an empty row:272
[ WARN ]  Aircraft sheet in basicdata table has an empty row:273
[ WARN ]  Aircraft sheet in basicdata table has an empty row:274
[ WARN ]  Aircraft sheet in basicdata table has an empty row:275
[ WARN ]  Aircraft sheet in basicdata table has an empty row:276
[ WARN ]  Aircraft sheet in basicdata table has an empty row:277
[ WARN ]  Aircraft sheet in basicdata table has an empty row:278
[ WARN ]  Aircraft sheet in basicdata table has an empty row:279
[ WARN ]  Aircraft sheet in basicdata table has an empty row:280
[ WARN ]  Aircraft sheet in basicdata table has an empty row:281
[ WARN ]  Aircraft sheet in basicdata table has an empty row:282
[ WARN ]  Aircraft sheet in basicdata table has an empty row:283
[ WARN ]  Aircraft sheet in basicdata table has an empty row:284
[ WARN ]  Aircraft sheet in basicdata table has an empty row:285
[ WARN ]  Aircraft sheet in basicdata table has an empty row:286
[ WARN ]  Aircraft sheet in basicdata table has an empty row:287
[ WARN ]  Aircraft sheet in basicdata table has an empty row:288
[ WARN ]  Aircraft sheet in basicdata table has an empty row:289
[ WARN ]  Aircraft sheet in basicdata table has an empty row:290
[ WARN ]  Aircraft sheet in basicdata table has an empty row:291
[ WARN ]  Aircraft sheet in basicdata table has an empty row:292
[ WARN ]  Aircraft sheet in basicdata table has an empty row:293
[ WARN ]  Aircraft sheet in basicdata table has an empty row:294
[ WARN ]  Aircraft sheet in basicdata table has an empty row:295
[ WARN ]  Aircraft sheet in basicdata table has an empty row:296
[ WARN ]  Aircraft sheet in basicdata table has an empty row:297
[ WARN ]  Aircraft sheet in basicdata table has an empty row:298
[ WARN ]  Aircraft sheet in basicdata table has an empty row:299
[ WARN ]  Aircraft sheet in basicdata table has an empty row:300
[ WARN ]  Aircraft sheet in basicdata table has an empty row:301
[ WARN ]  Aircraft sheet in basicdata table has an empty row:302
[ WARN ]  Aircraft sheet in basicdata table has an empty row:303
[ WARN ]  Aircraft sheet in basicdata table has an empty row:304
[ WARN ]  Aircraft sheet in basicdata table has an empty row:305
[ WARN ]  Aircraft sheet in basicdata table has an empty row:306
[ WARN ]  Aircraft sheet in basicdata table has an empty row:307
[ WARN ]  Aircraft sheet in basicdata table has an empty row:308
[ WARN ]  Aircraft sheet in basicdata table has an empty row:309
[ WARN ]  Aircraft sheet in basicdata table has an empty row:310
[ WARN ]  Aircraft sheet in basicdata table has an empty row:311
[ WARN ]  Aircraft sheet in basicdata table has an empty row:312
[ WARN ]  Aircraft sheet in basicdata table has an empty row:313
[ WARN ]  Aircraft sheet in basicdata table has an empty row:314
[ WARN ]  Aircraft sheet in basicdata table has an empty row:315
[ WARN ]  Aircraft sheet in basicdata table has an empty row:316
[ WARN ]  Aircraft sheet in basicdata table has an empty row:317
[ WARN ]  Aircraft sheet in basicdata table has an empty row:318
[ WARN ]  Aircraft sheet in basicdata table has an empty row:319
[ WARN ]  Aircraft sheet in basicdata table has an empty row:320
[ WARN ]  Aircraft sheet in basicdata table has an empty row:321
[ WARN ]  Aircraft sheet in basicdata table has an empty row:322
[ WARN ]  Aircraft sheet in basicdata table has an empty row:323
[ WARN ]  Aircraft sheet in basicdata table has an empty row:324
[ WARN ]  Aircraft sheet in basicdata table has an empty row:325
[ WARN ]  Aircraft sheet in basicdata table has an empty row:326
[ WARN ]  Aircraft sheet in basicdata table has an empty row:327
[ WARN ]  Aircraft sheet in basicdata table has an empty row:328
[ WARN ]  Aircraft sheet in basicdata table has an empty row:329
[ WARN ]  Aircraft sheet in basicdata table has an empty row:330
[ WARN ]  Aircraft sheet in basicdata table has an empty row:331
[ WARN ]  Aircraft sheet in basicdata table has an empty row:332
[ WARN ]  Aircraft sheet in basicdata table has an empty row:333
[ WARN ]  Aircraft sheet in basicdata table has an empty row:334
[ WARN ]  Aircraft sheet in basicdata table has an empty row:335
[ WARN ]  Aircraft sheet in basicdata table has an empty row:336
[ WARN ]  Aircraft sheet in basicdata table has an empty row:337
[ WARN ]  Aircraft sheet in basicdata table has an empty row:338
[ WARN ]  Aircraft sheet in basicdata table has an empty row:339
[ WARN ]  Aircraft sheet in basicdata table has an empty row:340
[ WARN ]  Aircraft sheet in basicdata table has an empty row:341
[ WARN ]  Aircraft sheet in basicdata table has an empty row:342
[ WARN ]  Aircraft sheet in basicdata table has an empty row:343
[ WARN ]  Aircraft sheet in basicdata table has an empty row:344
[ WARN ]  Aircraft sheet in basicdata table has an empty row:345
[ WARN ]  Aircraft sheet in basicdata table has an empty row:346
[ WARN ]  Aircraft sheet in basicdata table has an empty row:347
[ WARN ]  Aircraft sheet in basicdata table has an empty row:348
[ WARN ]  Aircraft sheet in basicdata table has an empty row:349
[ WARN ]  Aircraft sheet in basicdata table has an empty row:350
[ WARN ]  Aircraft sheet in basicdata table has an empty row:351
[ WARN ]  Aircraft sheet in basicdata table has an empty row:352
[ WARN ]  Aircraft sheet in basicdata table has an empty row:353
[ WARN ]  Aircraft sheet in basicdata table has an empty row:354
[ WARN ]  Aircraft sheet in basicdata table has an empty row:355
[ WARN ]  Aircraft sheet in basicdata table has an empty row:356
[ WARN ]  Aircraft sheet in basicdata table has an empty row:357
[ WARN ]  Aircraft sheet in basicdata table has an empty row:358
[ WARN ]  Aircraft sheet in basicdata table has an empty row:359
[ WARN ]  Aircraft sheet in basicdata table has an empty row:360
[ WARN ]  Aircraft sheet in basicdata table has an empty row:361
[ WARN ]  Aircraft sheet in basicdata table has an empty row:362
[ WARN ]  Aircraft sheet in basicdata table has an empty row:363
[ WARN ]  Aircraft sheet in basicdata table has an empty row:364
[ WARN ]  Aircraft sheet in basicdata table has an empty row:365
[ WARN ]  Aircraft sheet in basicdata table has an empty row:366
[ WARN ]  Aircraft sheet in basicdata table has an empty row:367
[ WARN ]  Aircraft sheet in basicdata table has an empty row:368
[ WARN ]  Aircraft sheet in basicdata table has an empty row:369
[ WARN ]  Aircraft sheet in basicdata table has an empty row:370
[ WARN ]  Aircraft sheet in basicdata table has an empty row:371
[ WARN ]  Aircraft sheet in basicdata table has an empty row:372
[ WARN ]  Aircraft sheet in basicdata table has an empty row:373
[ WARN ]  Aircraft sheet in basicdata table has an empty row:374
[ WARN ]  Aircraft sheet in basicdata table has an empty row:375
[ WARN ]  Aircraft sheet in basicdata table has an empty row:376
[ WARN ]  Aircraft sheet in basicdata table has an empty row:377
[ WARN ]  Aircraft sheet in basicdata table has an empty row:378
[ WARN ]  Aircraft sheet in basicdata table has an empty row:379
[ WARN ]  Aircraft sheet in basicdata table has an empty row:380
[ WARN ]  Aircraft sheet in basicdata table has an empty row:381
[ WARN ]  Aircraft sheet in basicdata table has an empty row:382
[ WARN ]  Aircraft sheet in basicdata table has an empty row:383
[ WARN ]  Aircraft sheet in basicdata table has an empty row:384
[ WARN ]  Aircraft sheet in basicdata table has an empty row:385
[ WARN ]  Aircraft sheet in basicdata table has an empty row:386
[ WARN ]  Aircraft sheet in basicdata table has an empty row:387
[ WARN ]  Aircraft sheet in basicdata table has an empty row:388
[ WARN ]  Aircraft sheet in basicdata table has an empty row:389
[ WARN ]  Aircraft sheet in basicdata table has an empty row:390
[ WARN ]  Aircraft sheet in basicdata table has an empty row:391
[ WARN ]  Aircraft sheet in basicdata table has an empty row:392
[ WARN ]  Aircraft sheet in basicdata table has an empty row:393
[ WARN ]  Aircraft sheet in basicdata table has an empty row:394
[ WARN ]  Aircraft sheet in basicdata table has an empty row:395
[ WARN ]  Aircraft sheet in basicdata table has an empty row:396
[ WARN ]  Aircraft sheet in basicdata table has an empty row:397
[ WARN ]  Aircraft sheet in basicdata table has an empty row:398
[ WARN ]  Aircraft sheet in basicdata table has an empty row:399
[ WARN ]  Aircraft sheet in basicdata table has an empty row:400
[ WARN ]  Aircraft sheet in basicdata table has an empty row:401
[ WARN ]  Aircraft sheet in basicdata table has an empty row:402
[ WARN ]  Aircraft sheet in basicdata table has an empty row:403
[ WARN ]  Aircraft sheet in basicdata table has an empty row:404
[ WARN ]  Aircraft sheet in basicdata table has an empty row:405
[ WARN ]  Aircraft sheet in basicdata table has an empty row:406
[ WARN ]  Aircraft sheet in basicdata table has an empty row:407
[ WARN ]  Aircraft sheet in basicdata table has an empty row:408
[ WARN ]  Aircraft sheet in basicdata table has an empty row:409
[ WARN ]  Aircraft sheet in basicdata table has an empty row:410
[ WARN ]  Aircraft sheet in basicdata table has an empty row:411
[ WARN ]  Aircraft sheet in basicdata table has an empty row:412
[ WARN ]  Aircraft sheet in basicdata table has an empty row:413
[ WARN ]  Aircraft sheet in basicdata table has an empty row:414
[ WARN ]  Aircraft sheet in basicdata table has an empty row:415
[ WARN ]  Aircraft sheet in basicdata table has an empty row:416
[ WARN ]  Aircraft sheet in basicdata table has an empty row:417
[ WARN ]  Aircraft sheet in basicdata table has an empty row:418
[ WARN ]  Aircraft sheet in basicdata table has an empty row:419
[ WARN ]  Aircraft sheet in basicdata table has an empty row:420
[ WARN ]  Aircraft sheet in basicdata table has an empty row:421
[ WARN ]  Aircraft sheet in basicdata table has an empty row:422
[ WARN ]  Aircraft sheet in basicdata table has an empty row:423
[ WARN ]  Aircraft sheet in basicdata table has an empty row:424
[ WARN ]  Aircraft sheet in basicdata table has an empty row:425
[ WARN ]  Aircraft sheet in basicdata table has an empty row:426
[ WARN ]  Aircraft sheet in basicdata table has an empty row:427
[ WARN ]  Aircraft sheet in basicdata table has an empty row:428
[ WARN ]  Aircraft sheet in basicdata table has an empty row:429
[ WARN ]  Aircraft sheet in basicdata table has an empty row:430
[ WARN ]  Aircraft sheet in basicdata table has an empty row:431
[ WARN ]  Aircraft sheet in basicdata table has an empty row:432
[ WARN ]  Aircraft sheet in basicdata table has an empty row:433
[ WARN ]  Aircraft sheet in basicdata table has an empty row:434
[ WARN ]  Aircraft sheet in basicdata table has an empty row:435
[ WARN ]  Aircraft sheet in basicdata table has an empty row:436
[ WARN ]  Aircraft sheet in basicdata table has an empty row:437
[ WARN ]  Aircraft sheet in basicdata table has an empty row:438
[ WARN ]  Aircraft sheet in basicdata table has an empty row:439
[ WARN ]  Aircraft sheet in basicdata table has an empty row:440
[ WARN ]  Aircraft sheet in basicdata table has an empty row:441
[ WARN ]  Aircraft sheet in basicdata table has an empty row:442
[ WARN ]  Aircraft sheet in basicdata table has an empty row:443
[ WARN ]  Aircraft sheet in basicdata table has an empty row:444
[ WARN ]  Aircraft sheet in basicdata table has an empty row:445
[ WARN ]  Aircraft sheet in basicdata table has an empty row:446
[ WARN ]  Aircraft sheet in basicdata table has an empty row:447
[ WARN ]  Aircraft sheet in basicdata table has an empty row:448
[ WARN ]  Aircraft sheet in basicdata table has an empty row:449
[ WARN ]  Aircraft sheet in basicdata table has an empty row:450
[ WARN ]  Aircraft sheet in basicdata table has an empty row:451
[ WARN ]  Aircraft sheet in basicdata table has an empty row:452
[ WARN ]  Aircraft sheet in basicdata table has an empty row:453
[ WARN ]  Aircraft sheet in basicdata table has an empty row:454
[ WARN ]  Aircraft sheet in basicdata table has an empty row:455
[ WARN ]  Aircraft sheet in basicdata table has an empty row:456
[ WARN ]  Aircraft sheet in basicdata table has an empty row:457
[ WARN ]  Aircraft sheet in basicdata table has an empty row:458
[ WARN ]  Aircraft sheet in basicdata table has an empty row:459
[ WARN ]  Aircraft sheet in basicdata table has an empty row:460
[ WARN ]  Aircraft sheet in basicdata table has an empty row:461
[ WARN ]  Aircraft sheet in basicdata table has an empty row:462
[ WARN ]  Aircraft sheet in basicdata table has an empty row:463
[ WARN ]  Aircraft sheet in basicdata table has an empty row:464
[ WARN ]  Aircraft sheet in basicdata table has an empty row:465
[ WARN ]  Aircraft sheet in basicdata table has an empty row:466
[ WARN ]  Aircraft sheet in basicdata table has an empty row:467
[ WARN ]  Aircraft sheet in basicdata table has an empty row:468
[ WARN ]  Aircraft sheet in basicdata table has an empty row:469
[ WARN ]  Aircraft sheet in basicdata table has an empty row:470
[ WARN ]  Aircraft sheet in basicdata table has an empty row:471
[ WARN ]  Aircraft sheet in basicdata table has an empty row:472
[ WARN ]  Aircraft sheet in basicdata table has an empty row:473
[ WARN ]  Aircraft sheet in basicdata table has an empty row:474
[ WARN ]  Aircraft sheet in basicdata table has an empty row:475
[ WARN ]  Aircraft sheet in basicdata table has an empty row:476
[ WARN ]  Aircraft sheet in basicdata table has an empty row:477
[ WARN ]  Aircraft sheet in basicdata table has an empty row:478
[ WARN ]  Aircraft sheet in basicdata table has an empty row:479
[ WARN ]  Aircraft sheet in basicdata table has an empty row:480
[ WARN ]  Aircraft sheet in basicdata table has an empty row:481
[ WARN ]  Aircraft sheet in basicdata table has an empty row:482
[ WARN ]  Aircraft sheet in basicdata table has an empty row:483
[ WARN ]  Aircraft sheet in basicdata table has an empty row:484
[ WARN ]  Aircraft sheet in basicdata table has an empty row:485
[ WARN ]  Aircraft sheet in basicdata table has an empty row:486
[ WARN ]  Aircraft sheet in basicdata table has an empty row:487
[ WARN ]  Aircraft sheet in basicdata table has an empty row:488
[ WARN ]  Aircraft sheet in basicdata table has an empty row:489
[ WARN ]  Aircraft sheet in basicdata table has an empty row:490
[ WARN ]  Aircraft sheet in basicdata table has an empty row:491
[ WARN ]  Aircraft sheet in basicdata table has an empty row:492
[ WARN ]  Aircraft sheet in basicdata table has an empty row:493
[ WARN ]  Aircraft sheet in basicdata table has an empty row:494
[ WARN ]  Aircraft sheet in basicdata table has an empty row:495
[ WARN ]  Aircraft sheet in basicdata table has an empty row:496
[ WARN ]  Aircraft sheet in basicdata table has an empty row:497
[ WARN ]  Aircraft sheet in basicdata table has an empty row:498
[ WARN ]  Aircraft sheet in basicdata table has an empty row:499
[ WARN ]  Aircraft sheet in basicdata table has an empty row:500
[ WARN ]  Aircraft sheet in basicdata table has an empty row:501
[ WARN ]  Aircraft sheet in basicdata table has an empty row:502
[ WARN ]  Aircraft sheet in basicdata table has an empty row:503
[ INFO ]  Handled Basic table:2182 row have been writed!
[ INFO ]  Handel abnormal excel file  .....
[ INFO ]  Delay table:Handle 141 row in the Delay table
[ INFO ]  Cancel table:Handle 318 row in the cancel table
[ INFO ]  Swap table(swaps within subfleets):Handle 550 row in the swap table
[ INFO ]  Swap table(swaps between subfleets):Handle 309 row in the swap table
[ INFO ]  checked the result table:./Result.xlsx
[ INFO ]  Finished processing all input file,and refresh date to the result file:./Result.xlsx
[ INFO ]  

New Log.Below log items are create at: Wed Mar 01 16:02:09 CST 2017
[ INFO ]  
starting cal...
[ INFO ]  Checked the result reflection table:./Ref.xlsx
[ INFO ]  Reflection table:read  14 items from ref excel table
[ INFO ]  Below are the value configured in this run:
	basic_Header_Row=1,  basic_Footer_Row=0
	basic_AircraftData_Header_Row=1,  basic_AircraftData_Footer_Row=0
	delay_Header_Row=1,delay_Footer_Row=2,   delay_Hour_Offset=8,  delay_Minute_Offset=15
	cancel_Header_Row=1,cancel_Footer_Row=1,  cancel_Hour_Offset=8,  cancel_Minute_Offset=15
	swap_Header_Row=2,  swap_Footer_Row=0,  swap_Hour_Offset=8,  swap_Minute_Offset=15

[ INFO ]  Init the Airport code format map data
[ INFO ]  Airport code format file:read 4052 row airport map data to program
[ INFO ]  Checked the Basic table data:./data/BasicData.xlsx
[ INFO ]  Init the aircraft map data7_Aircraft_Data
[ WARN ]  Aircraft sheet in basicdata table has an empty row:147
[ WARN ]  Aircraft sheet in basicdata table has an empty row:148
[ WARN ]  Aircraft sheet in basicdata table has an empty row:149
[ WARN ]  Aircraft sheet in basicdata table has an empty row:150
[ WARN ]  Aircraft sheet in basicdata table has an empty row:151
[ WARN ]  Aircraft sheet in basicdata table has an empty row:152
[ WARN ]  Aircraft sheet in basicdata table has an empty row:153
[ WARN ]  Aircraft sheet in basicdata table has an empty row:154
[ WARN ]  Aircraft sheet in basicdata table has an empty row:155
[ WARN ]  Aircraft sheet in basicdata table has an empty row:156
[ WARN ]  Aircraft sheet in basicdata table has an empty row:157
[ WARN ]  Aircraft sheet in basicdata table has an empty row:158
[ WARN ]  Aircraft sheet in basicdata table has an empty row:159
[ WARN ]  Aircraft sheet in basicdata table has an empty row:160
[ WARN ]  Aircraft sheet in basicdata table has an empty row:161
[ WARN ]  Aircraft sheet in basicdata table has an empty row:162
[ WARN ]  Aircraft sheet in basicdata table has an empty row:163
[ WARN ]  Aircraft sheet in basicdata table has an empty row:164
[ WARN ]  Aircraft sheet in basicdata table has an empty row:165
[ WARN ]  Aircraft sheet in basicdata table has an empty row:166
[ WARN ]  Aircraft sheet in basicdata table has an empty row:167
[ WARN ]  Aircraft sheet in basicdata table has an empty row:168
[ WARN ]  Aircraft sheet in basicdata table has an empty row:169
[ WARN ]  Aircraft sheet in basicdata table has an empty row:170
[ WARN ]  Aircraft sheet in basicdata table has an empty row:171
[ WARN ]  Aircraft sheet in basicdata table has an empty row:172
[ WARN ]  Aircraft sheet in basicdata table has an empty row:173
[ WARN ]  Aircraft sheet in basicdata table has an empty row:174
[ WARN ]  Aircraft sheet in basicdata table has an empty row:175
[ WARN ]  Aircraft sheet in basicdata table has an empty row:176
[ WARN ]  Aircraft sheet in basicdata table has an empty row:177
[ WARN ]  Aircraft sheet in basicdata table has an empty row:178
[ WARN ]  Aircraft sheet in basicdata table has an empty row:179
[ WARN ]  Aircraft sheet in basicdata table has an empty row:180
[ WARN ]  Aircraft sheet in basicdata table has an empty row:181
[ WARN ]  Aircraft sheet in basicdata table has an empty row:182
[ WARN ]  Aircraft sheet in basicdata table has an empty row:183
[ WARN ]  Aircraft sheet in basicdata table has an empty row:184
[ WARN ]  Aircraft sheet in basicdata table has an empty row:185
[ WARN ]  Aircraft sheet in basicdata table has an empty row:186
[ WARN ]  Aircraft sheet in basicdata table has an empty row:187
[ WARN ]  Aircraft sheet in basicdata table has an empty row:188
[ WARN ]  Aircraft sheet in basicdata table has an empty row:189
[ WARN ]  Aircraft sheet in basicdata table has an empty row:190
[ WARN ]  Aircraft sheet in basicdata table has an empty row:191
[ WARN ]  Aircraft sheet in basicdata table has an empty row:192
[ WARN ]  Aircraft sheet in basicdata table has an empty row:193
[ WARN ]  Aircraft sheet in basicdata table has an empty row:194
[ WARN ]  Aircraft sheet in basicdata table has an empty row:195
[ WARN ]  Aircraft sheet in basicdata table has an empty row:196
[ WARN ]  Aircraft sheet in basicdata table has an empty row:197
[ WARN ]  Aircraft sheet in basicdata table has an empty row:198
[ WARN ]  Aircraft sheet in basicdata table has an empty row:199
[ WARN ]  Aircraft sheet in basicdata table has an empty row:200
[ WARN ]  Aircraft sheet in basicdata table has an empty row:201
[ WARN ]  Aircraft sheet in basicdata table has an empty row:202
[ WARN ]  Aircraft sheet in basicdata table has an empty row:203
[ WARN ]  Aircraft sheet in basicdata table has an empty row:204
[ WARN ]  Aircraft sheet in basicdata table has an empty row:205
[ WARN ]  Aircraft sheet in basicdata table has an empty row:206
[ WARN ]  Aircraft sheet in basicdata table has an empty row:207
[ WARN ]  Aircraft sheet in basicdata table has an empty row:208
[ WARN ]  Aircraft sheet in basicdata table has an empty row:209
[ WARN ]  Aircraft sheet in basicdata table has an empty row:210
[ WARN ]  Aircraft sheet in basicdata table has an empty row:211
[ WARN ]  Aircraft sheet in basicdata table has an empty row:212
[ WARN ]  Aircraft sheet in basicdata table has an empty row:213
[ WARN ]  Aircraft sheet in basicdata table has an empty row:214
[ WARN ]  Aircraft sheet in basicdata table has an empty row:215
[ WARN ]  Aircraft sheet in basicdata table has an empty row:216
[ WARN ]  Aircraft sheet in basicdata table has an empty row:217
[ WARN ]  Aircraft sheet in basicdata table has an empty row:218
[ WARN ]  Aircraft sheet in basicdata table has an empty row:219
[ WARN ]  Aircraft sheet in basicdata table has an empty row:220
[ WARN ]  Aircraft sheet in basicdata table has an empty row:221
[ WARN ]  Aircraft sheet in basicdata table has an empty row:222
[ WARN ]  Aircraft sheet in basicdata table has an empty row:223
[ WARN ]  Aircraft sheet in basicdata table has an empty row:224
[ WARN ]  Aircraft sheet in basicdata table has an empty row:225
[ WARN ]  Aircraft sheet in basicdata table has an empty row:226
[ WARN ]  Aircraft sheet in basicdata table has an empty row:227
[ WARN ]  Aircraft sheet in basicdata table has an empty row:228
[ WARN ]  Aircraft sheet in basicdata table has an empty row:229
[ WARN ]  Aircraft sheet in basicdata table has an empty row:230
[ WARN ]  Aircraft sheet in basicdata table has an empty row:231
[ WARN ]  Aircraft sheet in basicdata table has an empty row:232
[ WARN ]  Aircraft sheet in basicdata table has an empty row:233
[ WARN ]  Aircraft sheet in basicdata table has an empty row:234
[ WARN ]  Aircraft sheet in basicdata table has an empty row:235
[ WARN ]  Aircraft sheet in basicdata table has an empty row:236
[ WARN ]  Aircraft sheet in basicdata table has an empty row:237
[ WARN ]  Aircraft sheet in basicdata table has an empty row:238
[ WARN ]  Aircraft sheet in basicdata table has an empty row:239
[ WARN ]  Aircraft sheet in basicdata table has an empty row:240
[ WARN ]  Aircraft sheet in basicdata table has an empty row:241
[ WARN ]  Aircraft sheet in basicdata table has an empty row:242
[ WARN ]  Aircraft sheet in basicdata table has an empty row:243
[ WARN ]  Aircraft sheet in basicdata table has an empty row:244
[ WARN ]  Aircraft sheet in basicdata table has an empty row:245
[ WARN ]  Aircraft sheet in basicdata table has an empty row:246
[ WARN ]  Aircraft sheet in basicdata table has an empty row:247
[ WARN ]  Aircraft sheet in basicdata table has an empty row:248
[ WARN ]  Aircraft sheet in basicdata table has an empty row:249
[ WARN ]  Aircraft sheet in basicdata table has an empty row:250
[ WARN ]  Aircraft sheet in basicdata table has an empty row:251
[ WARN ]  Aircraft sheet in basicdata table has an empty row:252
[ WARN ]  Aircraft sheet in basicdata table has an empty row:253
[ WARN ]  Aircraft sheet in basicdata table has an empty row:254
[ WARN ]  Aircraft sheet in basicdata table has an empty row:255
[ WARN ]  Aircraft sheet in basicdata table has an empty row:256
[ WARN ]  Aircraft sheet in basicdata table has an empty row:257
[ WARN ]  Aircraft sheet in basicdata table has an empty row:258
[ WARN ]  Aircraft sheet in basicdata table has an empty row:259
[ WARN ]  Aircraft sheet in basicdata table has an empty row:260
[ WARN ]  Aircraft sheet in basicdata table has an empty row:261
[ WARN ]  Aircraft sheet in basicdata table has an empty row:262
[ WARN ]  Aircraft sheet in basicdata table has an empty row:263
[ WARN ]  Aircraft sheet in basicdata table has an empty row:264
[ WARN ]  Aircraft sheet in basicdata table has an empty row:265
[ WARN ]  Aircraft sheet in basicdata table has an empty row:266
[ WARN ]  Aircraft sheet in basicdata table has an empty row:267
[ WARN ]  Aircraft sheet in basicdata table has an empty row:268
[ WARN ]  Aircraft sheet in basicdata table has an empty row:269
[ WARN ]  Aircraft sheet in basicdata table has an empty row:270
[ WARN ]  Aircraft sheet in basicdata table has an empty row:271
[ WARN ]  Aircraft sheet in basicdata table has an empty row:272
[ WARN ]  Aircraft sheet in basicdata table has an empty row:273
[ WARN ]  Aircraft sheet in basicdata table has an empty row:274
[ WARN ]  Aircraft sheet in basicdata table has an empty row:275
[ WARN ]  Aircraft sheet in basicdata table has an empty row:276
[ WARN ]  Aircraft sheet in basicdata table has an empty row:277
[ WARN ]  Aircraft sheet in basicdata table has an empty row:278
[ WARN ]  Aircraft sheet in basicdata table has an empty row:279
[ WARN ]  Aircraft sheet in basicdata table has an empty row:280
[ WARN ]  Aircraft sheet in basicdata table has an empty row:281
[ WARN ]  Aircraft sheet in basicdata table has an empty row:282
[ WARN ]  Aircraft sheet in basicdata table has an empty row:283
[ WARN ]  Aircraft sheet in basicdata table has an empty row:284
[ WARN ]  Aircraft sheet in basicdata table has an empty row:285
[ WARN ]  Aircraft sheet in basicdata table has an empty row:286
[ WARN ]  Aircraft sheet in basicdata table has an empty row:287
[ WARN ]  Aircraft sheet in basicdata table has an empty row:288
[ WARN ]  Aircraft sheet in basicdata table has an empty row:289
[ WARN ]  Aircraft sheet in basicdata table has an empty row:290
[ WARN ]  Aircraft sheet in basicdata table has an empty row:291
[ WARN ]  Aircraft sheet in basicdata table has an empty row:292
[ WARN ]  Aircraft sheet in basicdata table has an empty row:293
[ WARN ]  Aircraft sheet in basicdata table has an empty row:294
[ WARN ]  Aircraft sheet in basicdata table has an empty row:295
[ WARN ]  Aircraft sheet in basicdata table has an empty row:296
[ WARN ]  Aircraft sheet in basicdata table has an empty row:297
[ WARN ]  Aircraft sheet in basicdata table has an empty row:298
[ WARN ]  Aircraft sheet in basicdata table has an empty row:299
[ WARN ]  Aircraft sheet in basicdata table has an empty row:300
[ WARN ]  Aircraft sheet in basicdata table has an empty row:301
[ WARN ]  Aircraft sheet in basicdata table has an empty row:302
[ WARN ]  Aircraft sheet in basicdata table has an empty row:303
[ WARN ]  Aircraft sheet in basicdata table has an empty row:304
[ WARN ]  Aircraft sheet in basicdata table has an empty row:305
[ WARN ]  Aircraft sheet in basicdata table has an empty row:306
[ WARN ]  Aircraft sheet in basicdata table has an empty row:307
[ WARN ]  Aircraft sheet in basicdata table has an empty row:308
[ WARN ]  Aircraft sheet in basicdata table has an empty row:309
[ WARN ]  Aircraft sheet in basicdata table has an empty row:310
[ WARN ]  Aircraft sheet in basicdata table has an empty row:311
[ WARN ]  Aircraft sheet in basicdata table has an empty row:312
[ WARN ]  Aircraft sheet in basicdata table has an empty row:313
[ WARN ]  Aircraft sheet in basicdata table has an empty row:314
[ WARN ]  Aircraft sheet in basicdata table has an empty row:315
[ WARN ]  Aircraft sheet in basicdata table has an empty row:316
[ WARN ]  Aircraft sheet in basicdata table has an empty row:317
[ WARN ]  Aircraft sheet in basicdata table has an empty row:318
[ WARN ]  Aircraft sheet in basicdata table has an empty row:319
[ WARN ]  Aircraft sheet in basicdata table has an empty row:320
[ WARN ]  Aircraft sheet in basicdata table has an empty row:321
[ WARN ]  Aircraft sheet in basicdata table has an empty row:322
[ WARN ]  Aircraft sheet in basicdata table has an empty row:323
[ WARN ]  Aircraft sheet in basicdata table has an empty row:324
[ WARN ]  Aircraft sheet in basicdata table has an empty row:325
[ WARN ]  Aircraft sheet in basicdata table has an empty row:326
[ WARN ]  Aircraft sheet in basicdata table has an empty row:327
[ WARN ]  Aircraft sheet in basicdata table has an empty row:328
[ WARN ]  Aircraft sheet in basicdata table has an empty row:329
[ WARN ]  Aircraft sheet in basicdata table has an empty row:330
[ WARN ]  Aircraft sheet in basicdata table has an empty row:331
[ WARN ]  Aircraft sheet in basicdata table has an empty row:332
[ WARN ]  Aircraft sheet in basicdata table has an empty row:333
[ WARN ]  Aircraft sheet in basicdata table has an empty row:334
[ WARN ]  Aircraft sheet in basicdata table has an empty row:335
[ WARN ]  Aircraft sheet in basicdata table has an empty row:336
[ WARN ]  Aircraft sheet in basicdata table has an empty row:337
[ WARN ]  Aircraft sheet in basicdata table has an empty row:338
[ WARN ]  Aircraft sheet in basicdata table has an empty row:339
[ WARN ]  Aircraft sheet in basicdata table has an empty row:340
[ WARN ]  Aircraft sheet in basicdata table has an empty row:341
[ WARN ]  Aircraft sheet in basicdata table has an empty row:342
[ WARN ]  Aircraft sheet in basicdata table has an empty row:343
[ WARN ]  Aircraft sheet in basicdata table has an empty row:344
[ WARN ]  Aircraft sheet in basicdata table has an empty row:345
[ WARN ]  Aircraft sheet in basicdata table has an empty row:346
[ WARN ]  Aircraft sheet in basicdata table has an empty row:347
[ WARN ]  Aircraft sheet in basicdata table has an empty row:348
[ WARN ]  Aircraft sheet in basicdata table has an empty row:349
[ WARN ]  Aircraft sheet in basicdata table has an empty row:350
[ WARN ]  Aircraft sheet in basicdata table has an empty row:351
[ WARN ]  Aircraft sheet in basicdata table has an empty row:352
[ WARN ]  Aircraft sheet in basicdata table has an empty row:353
[ WARN ]  Aircraft sheet in basicdata table has an empty row:354
[ WARN ]  Aircraft sheet in basicdata table has an empty row:355
[ WARN ]  Aircraft sheet in basicdata table has an empty row:356
[ WARN ]  Aircraft sheet in basicdata table has an empty row:357
[ WARN ]  Aircraft sheet in basicdata table has an empty row:358
[ WARN ]  Aircraft sheet in basicdata table has an empty row:359
[ WARN ]  Aircraft sheet in basicdata table has an empty row:360
[ WARN ]  Aircraft sheet in basicdata table has an empty row:361
[ WARN ]  Aircraft sheet in basicdata table has an empty row:362
[ WARN ]  Aircraft sheet in basicdata table has an empty row:363
[ WARN ]  Aircraft sheet in basicdata table has an empty row:364
[ WARN ]  Aircraft sheet in basicdata table has an empty row:365
[ WARN ]  Aircraft sheet in basicdata table has an empty row:366
[ WARN ]  Aircraft sheet in basicdata table has an empty row:367
[ WARN ]  Aircraft sheet in basicdata table has an empty row:368
[ WARN ]  Aircraft sheet in basicdata table has an empty row:369
[ WARN ]  Aircraft sheet in basicdata table has an empty row:370
[ WARN ]  Aircraft sheet in basicdata table has an empty row:371
[ WARN ]  Aircraft sheet in basicdata table has an empty row:372
[ WARN ]  Aircraft sheet in basicdata table has an empty row:373
[ WARN ]  Aircraft sheet in basicdata table has an empty row:374
[ WARN ]  Aircraft sheet in basicdata table has an empty row:375
[ WARN ]  Aircraft sheet in basicdata table has an empty row:376
[ WARN ]  Aircraft sheet in basicdata table has an empty row:377
[ WARN ]  Aircraft sheet in basicdata table has an empty row:378
[ WARN ]  Aircraft sheet in basicdata table has an empty row:379
[ WARN ]  Aircraft sheet in basicdata table has an empty row:380
[ WARN ]  Aircraft sheet in basicdata table has an empty row:381
[ WARN ]  Aircraft sheet in basicdata table has an empty row:382
[ WARN ]  Aircraft sheet in basicdata table has an empty row:383
[ WARN ]  Aircraft sheet in basicdata table has an empty row:384
[ WARN ]  Aircraft sheet in basicdata table has an empty row:385
[ WARN ]  Aircraft sheet in basicdata table has an empty row:386
[ WARN ]  Aircraft sheet in basicdata table has an empty row:387
[ WARN ]  Aircraft sheet in basicdata table has an empty row:388
[ WARN ]  Aircraft sheet in basicdata table has an empty row:389
[ WARN ]  Aircraft sheet in basicdata table has an empty row:390
[ WARN ]  Aircraft sheet in basicdata table has an empty row:391
[ WARN ]  Aircraft sheet in basicdata table has an empty row:392
[ WARN ]  Aircraft sheet in basicdata table has an empty row:393
[ WARN ]  Aircraft sheet in basicdata table has an empty row:394
[ WARN ]  Aircraft sheet in basicdata table has an empty row:395
[ WARN ]  Aircraft sheet in basicdata table has an empty row:396
[ WARN ]  Aircraft sheet in basicdata table has an empty row:397
[ WARN ]  Aircraft sheet in basicdata table has an empty row:398
[ WARN ]  Aircraft sheet in basicdata table has an empty row:399
[ WARN ]  Aircraft sheet in basicdata table has an empty row:400
[ WARN ]  Aircraft sheet in basicdata table has an empty row:401
[ WARN ]  Aircraft sheet in basicdata table has an empty row:402
[ WARN ]  Aircraft sheet in basicdata table has an empty row:403
[ WARN ]  Aircraft sheet in basicdata table has an empty row:404
[ WARN ]  Aircraft sheet in basicdata table has an empty row:405
[ WARN ]  Aircraft sheet in basicdata table has an empty row:406
[ WARN ]  Aircraft sheet in basicdata table has an empty row:407
[ WARN ]  Aircraft sheet in basicdata table has an empty row:408
[ WARN ]  Aircraft sheet in basicdata table has an empty row:409
[ WARN ]  Aircraft sheet in basicdata table has an empty row:410
[ WARN ]  Aircraft sheet in basicdata table has an empty row:411
[ WARN ]  Aircraft sheet in basicdata table has an empty row:412
[ WARN ]  Aircraft sheet in basicdata table has an empty row:413
[ WARN ]  Aircraft sheet in basicdata table has an empty row:414
[ WARN ]  Aircraft sheet in basicdata table has an empty row:415
[ WARN ]  Aircraft sheet in basicdata table has an empty row:416
[ WARN ]  Aircraft sheet in basicdata table has an empty row:417
[ WARN ]  Aircraft sheet in basicdata table has an empty row:418
[ WARN ]  Aircraft sheet in basicdata table has an empty row:419
[ WARN ]  Aircraft sheet in basicdata table has an empty row:420
[ WARN ]  Aircraft sheet in basicdata table has an empty row:421
[ WARN ]  Aircraft sheet in basicdata table has an empty row:422
[ WARN ]  Aircraft sheet in basicdata table has an empty row:423
[ WARN ]  Aircraft sheet in basicdata table has an empty row:424
[ WARN ]  Aircraft sheet in basicdata table has an empty row:425
[ WARN ]  Aircraft sheet in basicdata table has an empty row:426
[ WARN ]  Aircraft sheet in basicdata table has an empty row:427
[ WARN ]  Aircraft sheet in basicdata table has an empty row:428
[ WARN ]  Aircraft sheet in basicdata table has an empty row:429
[ WARN ]  Aircraft sheet in basicdata table has an empty row:430
[ WARN ]  Aircraft sheet in basicdata table has an empty row:431
[ WARN ]  Aircraft sheet in basicdata table has an empty row:432
[ WARN ]  Aircraft sheet in basicdata table has an empty row:433
[ WARN ]  Aircraft sheet in basicdata table has an empty row:434
[ WARN ]  Aircraft sheet in basicdata table has an empty row:435
[ WARN ]  Aircraft sheet in basicdata table has an empty row:436
[ WARN ]  Aircraft sheet in basicdata table has an empty row:437
[ WARN ]  Aircraft sheet in basicdata table has an empty row:438
[ WARN ]  Aircraft sheet in basicdata table has an empty row:439
[ WARN ]  Aircraft sheet in basicdata table has an empty row:440
[ WARN ]  Aircraft sheet in basicdata table has an empty row:441
[ WARN ]  Aircraft sheet in basicdata table has an empty row:442
[ WARN ]  Aircraft sheet in basicdata table has an empty row:443
[ WARN ]  Aircraft sheet in basicdata table has an empty row:444
[ WARN ]  Aircraft sheet in basicdata table has an empty row:445
[ WARN ]  Aircraft sheet in basicdata table has an empty row:446
[ WARN ]  Aircraft sheet in basicdata table has an empty row:447
[ WARN ]  Aircraft sheet in basicdata table has an empty row:448
[ WARN ]  Aircraft sheet in basicdata table has an empty row:449
[ WARN ]  Aircraft sheet in basicdata table has an empty row:450
[ WARN ]  Aircraft sheet in basicdata table has an empty row:451
[ WARN ]  Aircraft sheet in basicdata table has an empty row:452
[ WARN ]  Aircraft sheet in basicdata table has an empty row:453
[ WARN ]  Aircraft sheet in basicdata table has an empty row:454
[ WARN ]  Aircraft sheet in basicdata table has an empty row:455
[ WARN ]  Aircraft sheet in basicdata table has an empty row:456
[ WARN ]  Aircraft sheet in basicdata table has an empty row:457
[ WARN ]  Aircraft sheet in basicdata table has an empty row:458
[ WARN ]  Aircraft sheet in basicdata table has an empty row:459
[ WARN ]  Aircraft sheet in basicdata table has an empty row:460
[ WARN ]  Aircraft sheet in basicdata table has an empty row:461
[ WARN ]  Aircraft sheet in basicdata table has an empty row:462
[ WARN ]  Aircraft sheet in basicdata table has an empty row:463
[ WARN ]  Aircraft sheet in basicdata table has an empty row:464
[ WARN ]  Aircraft sheet in basicdata table has an empty row:465
[ WARN ]  Aircraft sheet in basicdata table has an empty row:466
[ WARN ]  Aircraft sheet in basicdata table has an empty row:467
[ WARN ]  Aircraft sheet in basicdata table has an empty row:468
[ WARN ]  Aircraft sheet in basicdata table has an empty row:469
[ WARN ]  Aircraft sheet in basicdata table has an empty row:470
[ WARN ]  Aircraft sheet in basicdata table has an empty row:471
[ WARN ]  Aircraft sheet in basicdata table has an empty row:472
[ WARN ]  Aircraft sheet in basicdata table has an empty row:473
[ WARN ]  Aircraft sheet in basicdata table has an empty row:474
[ WARN ]  Aircraft sheet in basicdata table has an empty row:475
[ WARN ]  Aircraft sheet in basicdata table has an empty row:476
[ WARN ]  Aircraft sheet in basicdata table has an empty row:477
[ WARN ]  Aircraft sheet in basicdata table has an empty row:478
[ WARN ]  Aircraft sheet in basicdata table has an empty row:479
[ WARN ]  Aircraft sheet in basicdata table has an empty row:480
[ WARN ]  Aircraft sheet in basicdata table has an empty row:481
[ WARN ]  Aircraft sheet in basicdata table has an empty row:482
[ WARN ]  Aircraft sheet in basicdata table has an empty row:483
[ WARN ]  Aircraft sheet in basicdata table has an empty row:484
[ WARN ]  Aircraft sheet in basicdata table has an empty row:485
[ WARN ]  Aircraft sheet in basicdata table has an empty row:486
[ WARN ]  Aircraft sheet in basicdata table has an empty row:487
[ WARN ]  Aircraft sheet in basicdata table has an empty row:488
[ WARN ]  Aircraft sheet in basicdata table has an empty row:489
[ WARN ]  Aircraft sheet in basicdata table has an empty row:490
[ WARN ]  Aircraft sheet in basicdata table has an empty row:491
[ WARN ]  Aircraft sheet in basicdata table has an empty row:492
[ WARN ]  Aircraft sheet in basicdata table has an empty row:493
[ WARN ]  Aircraft sheet in basicdata table has an empty row:494
[ WARN ]  Aircraft sheet in basicdata table has an empty row:495
[ WARN ]  Aircraft sheet in basicdata table has an empty row:496
[ WARN ]  Aircraft sheet in basicdata table has an empty row:497
[ WARN ]  Aircraft sheet in basicdata table has an empty row:498
[ WARN ]  Aircraft sheet in basicdata table has an empty row:499
[ WARN ]  Aircraft sheet in basicdata table has an empty row:500
[ WARN ]  Aircraft sheet in basicdata table has an empty row:501
[ WARN ]  Aircraft sheet in basicdata table has an empty row:502
[ WARN ]  Aircraft sheet in basicdata table has an empty row:503
[ INFO ]  

New Log.Below log items are create at: Wed Mar 01 16:02:24 CST 2017
[ INFO ]  
starting cal...
[ INFO ]  Checked the result reflection table:./Ref.xlsx
[ INFO ]  Reflection table:read  14 items from ref excel table
[ INFO ]  Below are the value configured in this run:
	basic_Header_Row=1,  basic_Footer_Row=0
	basic_AircraftData_Header_Row=1,  basic_AircraftData_Footer_Row=0
	delay_Header_Row=1,delay_Footer_Row=2,   delay_Hour_Offset=8,  delay_Minute_Offset=15
	cancel_Header_Row=1,cancel_Footer_Row=1,  cancel_Hour_Offset=8,  cancel_Minute_Offset=15
	swap_Header_Row=2,  swap_Footer_Row=0,  swap_Hour_Offset=8,  swap_Minute_Offset=15

[ INFO ]  Init the Airport code format map data
[ INFO ]  Airport code format file:read 4052 row airport map data to program
[ INFO ]  Checked the Basic table data:./data/BasicData.xlsx
[ INFO ]  Init the aircraft map data7_Aircraft_Data
[ WARN ]  Aircraft sheet in basicdata table has an empty row:147
[ WARN ]  Aircraft sheet in basicdata table has an empty row:148
[ WARN ]  Aircraft sheet in basicdata table has an empty row:149
[ WARN ]  Aircraft sheet in basicdata table has an empty row:150
[ WARN ]  Aircraft sheet in basicdata table has an empty row:151
[ WARN ]  Aircraft sheet in basicdata table has an empty row:152
[ WARN ]  Aircraft sheet in basicdata table has an empty row:153
[ WARN ]  Aircraft sheet in basicdata table has an empty row:154
[ WARN ]  Aircraft sheet in basicdata table has an empty row:155
[ WARN ]  Aircraft sheet in basicdata table has an empty row:156
[ WARN ]  Aircraft sheet in basicdata table has an empty row:157
[ WARN ]  Aircraft sheet in basicdata table has an empty row:158
[ WARN ]  Aircraft sheet in basicdata table has an empty row:159
[ WARN ]  Aircraft sheet in basicdata table has an empty row:160
[ WARN ]  Aircraft sheet in basicdata table has an empty row:161
[ WARN ]  Aircraft sheet in basicdata table has an empty row:162
[ WARN ]  Aircraft sheet in basicdata table has an empty row:163
[ WARN ]  Aircraft sheet in basicdata table has an empty row:164
[ WARN ]  Aircraft sheet in basicdata table has an empty row:165
[ WARN ]  Aircraft sheet in basicdata table has an empty row:166
[ WARN ]  Aircraft sheet in basicdata table has an empty row:167
[ WARN ]  Aircraft sheet in basicdata table has an empty row:168
[ WARN ]  Aircraft sheet in basicdata table has an empty row:169
[ WARN ]  Aircraft sheet in basicdata table has an empty row:170
[ WARN ]  Aircraft sheet in basicdata table has an empty row:171
[ WARN ]  Aircraft sheet in basicdata table has an empty row:172
[ WARN ]  Aircraft sheet in basicdata table has an empty row:173
[ WARN ]  Aircraft sheet in basicdata table has an empty row:174
[ WARN ]  Aircraft sheet in basicdata table has an empty row:175
[ WARN ]  Aircraft sheet in basicdata table has an empty row:176
[ WARN ]  Aircraft sheet in basicdata table has an empty row:177
[ WARN ]  Aircraft sheet in basicdata table has an empty row:178
[ WARN ]  Aircraft sheet in basicdata table has an empty row:179
[ WARN ]  Aircraft sheet in basicdata table has an empty row:180
[ WARN ]  Aircraft sheet in basicdata table has an empty row:181
[ WARN ]  Aircraft sheet in basicdata table has an empty row:182
[ WARN ]  Aircraft sheet in basicdata table has an empty row:183
[ WARN ]  Aircraft sheet in basicdata table has an empty row:184
[ WARN ]  Aircraft sheet in basicdata table has an empty row:185
[ WARN ]  Aircraft sheet in basicdata table has an empty row:186
[ WARN ]  Aircraft sheet in basicdata table has an empty row:187
[ WARN ]  Aircraft sheet in basicdata table has an empty row:188
[ WARN ]  Aircraft sheet in basicdata table has an empty row:189
[ WARN ]  Aircraft sheet in basicdata table has an empty row:190
[ WARN ]  Aircraft sheet in basicdata table has an empty row:191
[ WARN ]  Aircraft sheet in basicdata table has an empty row:192
[ WARN ]  Aircraft sheet in basicdata table has an empty row:193
[ WARN ]  Aircraft sheet in basicdata table has an empty row:194
[ WARN ]  Aircraft sheet in basicdata table has an empty row:195
[ WARN ]  Aircraft sheet in basicdata table has an empty row:196
[ WARN ]  Aircraft sheet in basicdata table has an empty row:197
[ WARN ]  Aircraft sheet in basicdata table has an empty row:198
[ WARN ]  Aircraft sheet in basicdata table has an empty row:199
[ WARN ]  Aircraft sheet in basicdata table has an empty row:200
[ WARN ]  Aircraft sheet in basicdata table has an empty row:201
[ WARN ]  Aircraft sheet in basicdata table has an empty row:202
[ WARN ]  Aircraft sheet in basicdata table has an empty row:203
[ WARN ]  Aircraft sheet in basicdata table has an empty row:204
[ WARN ]  Aircraft sheet in basicdata table has an empty row:205
[ WARN ]  Aircraft sheet in basicdata table has an empty row:206
[ WARN ]  Aircraft sheet in basicdata table has an empty row:207
[ WARN ]  Aircraft sheet in basicdata table has an empty row:208
[ WARN ]  Aircraft sheet in basicdata table has an empty row:209
[ WARN ]  Aircraft sheet in basicdata table has an empty row:210
[ WARN ]  Aircraft sheet in basicdata table has an empty row:211
[ WARN ]  Aircraft sheet in basicdata table has an empty row:212
[ WARN ]  Aircraft sheet in basicdata table has an empty row:213
[ WARN ]  Aircraft sheet in basicdata table has an empty row:214
[ WARN ]  Aircraft sheet in basicdata table has an empty row:215
[ WARN ]  Aircraft sheet in basicdata table has an empty row:216
[ WARN ]  Aircraft sheet in basicdata table has an empty row:217
[ WARN ]  Aircraft sheet in basicdata table has an empty row:218
[ WARN ]  Aircraft sheet in basicdata table has an empty row:219
[ WARN ]  Aircraft sheet in basicdata table has an empty row:220
[ WARN ]  Aircraft sheet in basicdata table has an empty row:221
[ WARN ]  Aircraft sheet in basicdata table has an empty row:222
[ WARN ]  Aircraft sheet in basicdata table has an empty row:223
[ WARN ]  Aircraft sheet in basicdata table has an empty row:224
[ WARN ]  Aircraft sheet in basicdata table has an empty row:225
[ WARN ]  Aircraft sheet in basicdata table has an empty row:226
[ WARN ]  Aircraft sheet in basicdata table has an empty row:227
[ WARN ]  Aircraft sheet in basicdata table has an empty row:228
[ WARN ]  Aircraft sheet in basicdata table has an empty row:229
[ WARN ]  Aircraft sheet in basicdata table has an empty row:230
[ WARN ]  Aircraft sheet in basicdata table has an empty row:231
[ WARN ]  Aircraft sheet in basicdata table has an empty row:232
[ WARN ]  Aircraft sheet in basicdata table has an empty row:233
[ WARN ]  Aircraft sheet in basicdata table has an empty row:234
[ WARN ]  Aircraft sheet in basicdata table has an empty row:235
[ WARN ]  Aircraft sheet in basicdata table has an empty row:236
[ WARN ]  Aircraft sheet in basicdata table has an empty row:237
[ WARN ]  Aircraft sheet in basicdata table has an empty row:238
[ WARN ]  Aircraft sheet in basicdata table has an empty row:239
[ WARN ]  Aircraft sheet in basicdata table has an empty row:240
[ WARN ]  Aircraft sheet in basicdata table has an empty row:241
[ WARN ]  Aircraft sheet in basicdata table has an empty row:242
[ WARN ]  Aircraft sheet in basicdata table has an empty row:243
[ WARN ]  Aircraft sheet in basicdata table has an empty row:244
[ WARN ]  Aircraft sheet in basicdata table has an empty row:245
[ WARN ]  Aircraft sheet in basicdata table has an empty row:246
[ WARN ]  Aircraft sheet in basicdata table has an empty row:247
[ WARN ]  Aircraft sheet in basicdata table has an empty row:248
[ WARN ]  Aircraft sheet in basicdata table has an empty row:249
[ WARN ]  Aircraft sheet in basicdata table has an empty row:250
[ WARN ]  Aircraft sheet in basicdata table has an empty row:251
[ WARN ]  Aircraft sheet in basicdata table has an empty row:252
[ WARN ]  Aircraft sheet in basicdata table has an empty row:253
[ WARN ]  Aircraft sheet in basicdata table has an empty row:254
[ WARN ]  Aircraft sheet in basicdata table has an empty row:255
[ WARN ]  Aircraft sheet in basicdata table has an empty row:256
[ WARN ]  Aircraft sheet in basicdata table has an empty row:257
[ WARN ]  Aircraft sheet in basicdata table has an empty row:258
[ WARN ]  Aircraft sheet in basicdata table has an empty row:259
[ WARN ]  Aircraft sheet in basicdata table has an empty row:260
[ WARN ]  Aircraft sheet in basicdata table has an empty row:261
[ WARN ]  Aircraft sheet in basicdata table has an empty row:262
[ WARN ]  Aircraft sheet in basicdata table has an empty row:263
[ WARN ]  Aircraft sheet in basicdata table has an empty row:264
[ WARN ]  Aircraft sheet in basicdata table has an empty row:265
[ WARN ]  Aircraft sheet in basicdata table has an empty row:266
[ WARN ]  Aircraft sheet in basicdata table has an empty row:267
[ WARN ]  Aircraft sheet in basicdata table has an empty row:268
[ WARN ]  Aircraft sheet in basicdata table has an empty row:269
[ WARN ]  Aircraft sheet in basicdata table has an empty row:270
[ WARN ]  Aircraft sheet in basicdata table has an empty row:271
[ WARN ]  Aircraft sheet in basicdata table has an empty row:272
[ WARN ]  Aircraft sheet in basicdata table has an empty row:273
[ WARN ]  Aircraft sheet in basicdata table has an empty row:274
[ WARN ]  Aircraft sheet in basicdata table has an empty row:275
[ WARN ]  Aircraft sheet in basicdata table has an empty row:276
[ WARN ]  Aircraft sheet in basicdata table has an empty row:277
[ WARN ]  Aircraft sheet in basicdata table has an empty row:278
[ WARN ]  Aircraft sheet in basicdata table has an empty row:279
[ WARN ]  Aircraft sheet in basicdata table has an empty row:280
[ WARN ]  Aircraft sheet in basicdata table has an empty row:281
[ WARN ]  Aircraft sheet in basicdata table has an empty row:282
[ WARN ]  Aircraft sheet in basicdata table has an empty row:283
[ WARN ]  Aircraft sheet in basicdata table has an empty row:284
[ WARN ]  Aircraft sheet in basicdata table has an empty row:285
[ WARN ]  Aircraft sheet in basicdata table has an empty row:286
[ WARN ]  Aircraft sheet in basicdata table has an empty row:287
[ WARN ]  Aircraft sheet in basicdata table has an empty row:288
[ WARN ]  Aircraft sheet in basicdata table has an empty row:289
[ WARN ]  Aircraft sheet in basicdata table has an empty row:290
[ WARN ]  Aircraft sheet in basicdata table has an empty row:291
[ WARN ]  Aircraft sheet in basicdata table has an empty row:292
[ WARN ]  Aircraft sheet in basicdata table has an empty row:293
[ WARN ]  Aircraft sheet in basicdata table has an empty row:294
[ WARN ]  Aircraft sheet in basicdata table has an empty row:295
[ WARN ]  Aircraft sheet in basicdata table has an empty row:296
[ WARN ]  Aircraft sheet in basicdata table has an empty row:297
[ WARN ]  Aircraft sheet in basicdata table has an empty row:298
[ WARN ]  Aircraft sheet in basicdata table has an empty row:299
[ WARN ]  Aircraft sheet in basicdata table has an empty row:300
[ WARN ]  Aircraft sheet in basicdata table has an empty row:301
[ WARN ]  Aircraft sheet in basicdata table has an empty row:302
[ WARN ]  Aircraft sheet in basicdata table has an empty row:303
[ WARN ]  Aircraft sheet in basicdata table has an empty row:304
[ WARN ]  Aircraft sheet in basicdata table has an empty row:305
[ WARN ]  Aircraft sheet in basicdata table has an empty row:306
[ WARN ]  Aircraft sheet in basicdata table has an empty row:307
[ WARN ]  Aircraft sheet in basicdata table has an empty row:308
[ WARN ]  Aircraft sheet in basicdata table has an empty row:309
[ WARN ]  Aircraft sheet in basicdata table has an empty row:310
[ WARN ]  Aircraft sheet in basicdata table has an empty row:311
[ WARN ]  Aircraft sheet in basicdata table has an empty row:312
[ WARN ]  Aircraft sheet in basicdata table has an empty row:313
[ WARN ]  Aircraft sheet in basicdata table has an empty row:314
[ WARN ]  Aircraft sheet in basicdata table has an empty row:315
[ WARN ]  Aircraft sheet in basicdata table has an empty row:316
[ WARN ]  Aircraft sheet in basicdata table has an empty row:317
[ WARN ]  Aircraft sheet in basicdata table has an empty row:318
[ WARN ]  Aircraft sheet in basicdata table has an empty row:319
[ WARN ]  Aircraft sheet in basicdata table has an empty row:320
[ WARN ]  Aircraft sheet in basicdata table has an empty row:321
[ WARN ]  Aircraft sheet in basicdata table has an empty row:322
[ WARN ]  Aircraft sheet in basicdata table has an empty row:323
[ WARN ]  Aircraft sheet in basicdata table has an empty row:324
[ WARN ]  Aircraft sheet in basicdata table has an empty row:325
[ WARN ]  Aircraft sheet in basicdata table has an empty row:326
[ WARN ]  Aircraft sheet in basicdata table has an empty row:327
[ WARN ]  Aircraft sheet in basicdata table has an empty row:328
[ WARN ]  Aircraft sheet in basicdata table has an empty row:329
[ WARN ]  Aircraft sheet in basicdata table has an empty row:330
[ WARN ]  Aircraft sheet in basicdata table has an empty row:331
[ WARN ]  Aircraft sheet in basicdata table has an empty row:332
[ WARN ]  Aircraft sheet in basicdata table has an empty row:333
[ WARN ]  Aircraft sheet in basicdata table has an empty row:334
[ WARN ]  Aircraft sheet in basicdata table has an empty row:335
[ WARN ]  Aircraft sheet in basicdata table has an empty row:336
[ WARN ]  Aircraft sheet in basicdata table has an empty row:337
[ WARN ]  Aircraft sheet in basicdata table has an empty row:338
[ WARN ]  Aircraft sheet in basicdata table has an empty row:339
[ WARN ]  Aircraft sheet in basicdata table has an empty row:340
[ WARN ]  Aircraft sheet in basicdata table has an empty row:341
[ WARN ]  Aircraft sheet in basicdata table has an empty row:342
[ WARN ]  Aircraft sheet in basicdata table has an empty row:343
[ WARN ]  Aircraft sheet in basicdata table has an empty row:344
[ WARN ]  Aircraft sheet in basicdata table has an empty row:345
[ WARN ]  Aircraft sheet in basicdata table has an empty row:346
[ WARN ]  Aircraft sheet in basicdata table has an empty row:347
[ WARN ]  Aircraft sheet in basicdata table has an empty row:348
[ WARN ]  Aircraft sheet in basicdata table has an empty row:349
[ WARN ]  Aircraft sheet in basicdata table has an empty row:350
[ WARN ]  Aircraft sheet in basicdata table has an empty row:351
[ WARN ]  Aircraft sheet in basicdata table has an empty row:352
[ WARN ]  Aircraft sheet in basicdata table has an empty row:353
[ WARN ]  Aircraft sheet in basicdata table has an empty row:354
[ WARN ]  Aircraft sheet in basicdata table has an empty row:355
[ WARN ]  Aircraft sheet in basicdata table has an empty row:356
[ WARN ]  Aircraft sheet in basicdata table has an empty row:357
[ WARN ]  Aircraft sheet in basicdata table has an empty row:358
[ WARN ]  Aircraft sheet in basicdata table has an empty row:359
[ WARN ]  Aircraft sheet in basicdata table has an empty row:360
[ WARN ]  Aircraft sheet in basicdata table has an empty row:361
[ WARN ]  Aircraft sheet in basicdata table has an empty row:362
[ WARN ]  Aircraft sheet in basicdata table has an empty row:363
[ WARN ]  Aircraft sheet in basicdata table has an empty row:364
[ WARN ]  Aircraft sheet in basicdata table has an empty row:365
[ WARN ]  Aircraft sheet in basicdata table has an empty row:366
[ WARN ]  Aircraft sheet in basicdata table has an empty row:367
[ WARN ]  Aircraft sheet in basicdata table has an empty row:368
[ WARN ]  Aircraft sheet in basicdata table has an empty row:369
[ WARN ]  Aircraft sheet in basicdata table has an empty row:370
[ WARN ]  Aircraft sheet in basicdata table has an empty row:371
[ WARN ]  Aircraft sheet in basicdata table has an empty row:372
[ WARN ]  Aircraft sheet in basicdata table has an empty row:373
[ WARN ]  Aircraft sheet in basicdata table has an empty row:374
[ WARN ]  Aircraft sheet in basicdata table has an empty row:375
[ WARN ]  Aircraft sheet in basicdata table has an empty row:376
[ WARN ]  Aircraft sheet in basicdata table has an empty row:377
[ WARN ]  Aircraft sheet in basicdata table has an empty row:378
[ WARN ]  Aircraft sheet in basicdata table has an empty row:379
[ WARN ]  Aircraft sheet in basicdata table has an empty row:380
[ WARN ]  Aircraft sheet in basicdata table has an empty row:381
[ WARN ]  Aircraft sheet in basicdata table has an empty row:382
[ WARN ]  Aircraft sheet in basicdata table has an empty row:383
[ WARN ]  Aircraft sheet in basicdata table has an empty row:384
[ WARN ]  Aircraft sheet in basicdata table has an empty row:385
[ WARN ]  Aircraft sheet in basicdata table has an empty row:386
[ WARN ]  Aircraft sheet in basicdata table has an empty row:387
[ WARN ]  Aircraft sheet in basicdata table has an empty row:388
[ WARN ]  Aircraft sheet in basicdata table has an empty row:389
[ WARN ]  Aircraft sheet in basicdata table has an empty row:390
[ WARN ]  Aircraft sheet in basicdata table has an empty row:391
[ WARN ]  Aircraft sheet in basicdata table has an empty row:392
[ WARN ]  Aircraft sheet in basicdata table has an empty row:393
[ WARN ]  Aircraft sheet in basicdata table has an empty row:394
[ WARN ]  Aircraft sheet in basicdata table has an empty row:395
[ WARN ]  Aircraft sheet in basicdata table has an empty row:396
[ WARN ]  Aircraft sheet in basicdata table has an empty row:397
[ WARN ]  Aircraft sheet in basicdata table has an empty row:398
[ WARN ]  Aircraft sheet in basicdata table has an empty row:399
[ WARN ]  Aircraft sheet in basicdata table has an empty row:400
[ WARN ]  Aircraft sheet in basicdata table has an empty row:401
[ WARN ]  Aircraft sheet in basicdata table has an empty row:402
[ WARN ]  Aircraft sheet in basicdata table has an empty row:403
[ WARN ]  Aircraft sheet in basicdata table has an empty row:404
[ WARN ]  Aircraft sheet in basicdata table has an empty row:405
[ WARN ]  Aircraft sheet in basicdata table has an empty row:406
[ WARN ]  Aircraft sheet in basicdata table has an empty row:407
[ WARN ]  Aircraft sheet in basicdata table has an empty row:408
[ WARN ]  Aircraft sheet in basicdata table has an empty row:409
[ WARN ]  Aircraft sheet in basicdata table has an empty row:410
[ WARN ]  Aircraft sheet in basicdata table has an empty row:411
[ WARN ]  Aircraft sheet in basicdata table has an empty row:412
[ WARN ]  Aircraft sheet in basicdata table has an empty row:413
[ WARN ]  Aircraft sheet in basicdata table has an empty row:414
[ WARN ]  Aircraft sheet in basicdata table has an empty row:415
[ WARN ]  Aircraft sheet in basicdata table has an empty row:416
[ WARN ]  Aircraft sheet in basicdata table has an empty row:417
[ WARN ]  Aircraft sheet in basicdata table has an empty row:418
[ WARN ]  Aircraft sheet in basicdata table has an empty row:419
[ WARN ]  Aircraft sheet in basicdata table has an empty row:420
[ WARN ]  Aircraft sheet in basicdata table has an empty row:421
[ WARN ]  Aircraft sheet in basicdata table has an empty row:422
[ WARN ]  Aircraft sheet in basicdata table has an empty row:423
[ WARN ]  Aircraft sheet in basicdata table has an empty row:424
[ WARN ]  Aircraft sheet in basicdata table has an empty row:425
[ WARN ]  Aircraft sheet in basicdata table has an empty row:426
[ WARN ]  Aircraft sheet in basicdata table has an empty row:427
[ WARN ]  Aircraft sheet in basicdata table has an empty row:428
[ WARN ]  Aircraft sheet in basicdata table has an empty row:429
[ WARN ]  Aircraft sheet in basicdata table has an empty row:430
[ WARN ]  Aircraft sheet in basicdata table has an empty row:431
[ WARN ]  Aircraft sheet in basicdata table has an empty row:432
[ WARN ]  Aircraft sheet in basicdata table has an empty row:433
[ WARN ]  Aircraft sheet in basicdata table has an empty row:434
[ WARN ]  Aircraft sheet in basicdata table has an empty row:435
[ WARN ]  Aircraft sheet in basicdata table has an empty row:436
[ WARN ]  Aircraft sheet in basicdata table has an empty row:437
[ WARN ]  Aircraft sheet in basicdata table has an empty row:438
[ WARN ]  Aircraft sheet in basicdata table has an empty row:439
[ WARN ]  Aircraft sheet in basicdata table has an empty row:440
[ WARN ]  Aircraft sheet in basicdata table has an empty row:441
[ WARN ]  Aircraft sheet in basicdata table has an empty row:442
[ WARN ]  Aircraft sheet in basicdata table has an empty row:443
[ WARN ]  Aircraft sheet in basicdata table has an empty row:444
[ WARN ]  Aircraft sheet in basicdata table has an empty row:445
[ WARN ]  Aircraft sheet in basicdata table has an empty row:446
[ WARN ]  Aircraft sheet in basicdata table has an empty row:447
[ WARN ]  Aircraft sheet in basicdata table has an empty row:448
[ WARN ]  Aircraft sheet in basicdata table has an empty row:449
[ WARN ]  Aircraft sheet in basicdata table has an empty row:450
[ WARN ]  Aircraft sheet in basicdata table has an empty row:451
[ WARN ]  Aircraft sheet in basicdata table has an empty row:452
[ WARN ]  Aircraft sheet in basicdata table has an empty row:453
[ WARN ]  Aircraft sheet in basicdata table has an empty row:454
[ WARN ]  Aircraft sheet in basicdata table has an empty row:455
[ WARN ]  Aircraft sheet in basicdata table has an empty row:456
[ WARN ]  Aircraft sheet in basicdata table has an empty row:457
[ WARN ]  Aircraft sheet in basicdata table has an empty row:458
[ WARN ]  Aircraft sheet in basicdata table has an empty row:459
[ WARN ]  Aircraft sheet in basicdata table has an empty row:460
[ WARN ]  Aircraft sheet in basicdata table has an empty row:461
[ WARN ]  Aircraft sheet in basicdata table has an empty row:462
[ WARN ]  Aircraft sheet in basicdata table has an empty row:463
[ WARN ]  Aircraft sheet in basicdata table has an empty row:464
[ WARN ]  Aircraft sheet in basicdata table has an empty row:465
[ WARN ]  Aircraft sheet in basicdata table has an empty row:466
[ WARN ]  Aircraft sheet in basicdata table has an empty row:467
[ WARN ]  Aircraft sheet in basicdata table has an empty row:468
[ WARN ]  Aircraft sheet in basicdata table has an empty row:469
[ WARN ]  Aircraft sheet in basicdata table has an empty row:470
[ WARN ]  Aircraft sheet in basicdata table has an empty row:471
[ WARN ]  Aircraft sheet in basicdata table has an empty row:472
[ WARN ]  Aircraft sheet in basicdata table has an empty row:473
[ WARN ]  Aircraft sheet in basicdata table has an empty row:474
[ WARN ]  Aircraft sheet in basicdata table has an empty row:475
[ WARN ]  Aircraft sheet in basicdata table has an empty row:476
[ WARN ]  Aircraft sheet in basicdata table has an empty row:477
[ WARN ]  Aircraft sheet in basicdata table has an empty row:478
[ WARN ]  Aircraft sheet in basicdata table has an empty row:479
[ WARN ]  Aircraft sheet in basicdata table has an empty row:480
[ WARN ]  Aircraft sheet in basicdata table has an empty row:481
[ WARN ]  Aircraft sheet in basicdata table has an empty row:482
[ WARN ]  Aircraft sheet in basicdata table has an empty row:483
[ WARN ]  Aircraft sheet in basicdata table has an empty row:484
[ WARN ]  Aircraft sheet in basicdata table has an empty row:485
[ WARN ]  Aircraft sheet in basicdata table has an empty row:486
[ WARN ]  Aircraft sheet in basicdata table has an empty row:487
[ WARN ]  Aircraft sheet in basicdata table has an empty row:488
[ WARN ]  Aircraft sheet in basicdata table has an empty row:489
[ WARN ]  Aircraft sheet in basicdata table has an empty row:490
[ WARN ]  Aircraft sheet in basicdata table has an empty row:491
[ WARN ]  Aircraft sheet in basicdata table has an empty row:492
[ WARN ]  Aircraft sheet in basicdata table has an empty row:493
[ WARN ]  Aircraft sheet in basicdata table has an empty row:494
[ WARN ]  Aircraft sheet in basicdata table has an empty row:495
[ WARN ]  Aircraft sheet in basicdata table has an empty row:496
[ WARN ]  Aircraft sheet in basicdata table has an empty row:497
[ WARN ]  Aircraft sheet in basicdata table has an empty row:498
[ WARN ]  Aircraft sheet in basicdata table has an empty row:499
[ WARN ]  Aircraft sheet in basicdata table has an empty row:500
[ WARN ]  Aircraft sheet in basicdata table has an empty row:501
[ WARN ]  Aircraft sheet in basicdata table has an empty row:502
[ WARN ]  Aircraft sheet in basicdata table has an empty row:503
[ INFO ]  Handled Basic table:2182 row have been writed!
[ INFO ]  Handel abnormal excel file  .....
[ INFO ]  Delay table:Handle 141 row in the Delay table
[ INFO ]  Cancel table:Handle 318 row in the cancel table
[ INFO ]  Swap table(swaps within subfleets):Handle 550 row in the swap table
[ INFO ]  Swap table(swaps between subfleets):Handle 309 row in the swap table
[ INFO ]  checked the result table:./Result.xlsx
[ INFO ]  Finished processing all input file,and refresh date to the result file:./Result.xlsx
